{"contracts/adapters/BaseUniswapAdapter.sol":{"l":{"45":9,"46":9,"47":9,"76":2,"78":2,"107":2,"109":2,"127":1,"128":1,"130":1,"131":1,"133":1,"138":1,"141":1,"142":1,"144":1,"145":1,"146":0,"147":0,"148":0,"149":0,"151":1,"152":1,"153":1,"155":1,"163":1,"165":1,"184":2,"185":2,"187":2,"188":2,"190":2,"195":2,"198":2,"199":2,"201":2,"202":2,"203":0,"204":0,"205":0,"206":0,"208":2,"209":2,"210":2,"213":2,"221":2,"223":2,"232":22,"240":14,"248":2,"266":2,"267":0,"279":2,"282":2,"292":2,"307":8,"308":8,"310":8,"330":2,"332":2,"333":0,"334":0,"335":0,"337":0,"347":2,"348":2,"349":2,"351":2,"352":2,"354":2,"355":2,"356":0,"357":0,"358":0,"360":0,"361":0,"363":0,"366":2,"369":2,"370":2,"371":2,"373":2,"375":0,"376":0,"379":2,"380":2,"382":2,"386":2,"412":2,"414":0,"415":0,"416":0,"417":0,"419":0,"429":2,"432":2,"434":2,"435":2,"437":2,"441":2,"463":2,"464":2,"465":2,"467":2,"468":2,"469":2,"471":2,"472":0,"473":0,"474":0,"476":0,"477":0,"479":0,"482":2,"485":2,"486":2,"488":2,"493":0,"510":1,"512":1,"513":0,"514":0,"515":0,"516":0,"518":1,"519":1,"520":1,"523":1,"532":0},"path":"/Users/lock/defi/accu-finance/protocol-v1/contracts/adapters/BaseUniswapAdapter.sol","s":{"1":9,"2":9,"3":9,"4":2,"5":2,"6":2,"7":2,"8":1,"9":1,"10":1,"11":1,"12":1,"13":1,"14":1,"15":1,"16":1,"17":1,"18":0,"19":0,"20":0,"21":0,"22":1,"23":1,"24":1,"25":1,"26":1,"27":1,"28":2,"29":2,"30":2,"31":2,"32":2,"33":2,"34":2,"35":2,"36":2,"37":2,"38":0,"39":0,"40":0,"41":0,"42":2,"43":2,"44":2,"45":2,"46":2,"47":2,"48":22,"49":14,"50":2,"51":2,"52":0,"53":2,"54":2,"55":2,"56":8,"57":8,"58":8,"59":2,"60":2,"61":0,"62":0,"63":0,"64":0,"65":2,"66":2,"67":2,"68":2,"69":2,"70":2,"71":2,"72":0,"73":0,"74":0,"75":0,"76":0,"77":0,"78":2,"79":2,"80":2,"81":2,"82":2,"83":0,"84":0,"85":2,"86":2,"87":2,"88":2,"89":2,"90":0,"91":0,"92":0,"93":0,"94":0,"95":2,"96":2,"97":2,"98":2,"99":2,"100":2,"101":2,"102":2,"103":2,"104":2,"105":2,"106":2,"107":2,"108":0,"109":0,"110":0,"111":0,"112":0,"113":0,"114":2,"115":2,"116":2,"117":2,"118":0,"119":1,"120":1,"121":0,"122":0,"123":0,"124":0,"125":1,"126":1,"127":1,"128":1,"129":0},"b":{"1":[1,0],"2":[0,1],"3":[2,0],"4":[0,2],"5":[0,2],"6":[0,2],"7":[0,2],"8":[0,2],"9":[0,2],"10":[0,1]},"f":{"1":9,"2":2,"3":2,"4":1,"5":2,"6":22,"7":14,"8":2,"9":2,"10":2,"11":8,"12":2,"13":2,"14":2,"15":1,"16":0},"fnMap":{"1":{"name":"constructor","line":44,"loc":{"start":{"line":40,"column":2},"end":{"line":48,"column":2}}},"2":{"name":"getAmountsOut","line":60,"loc":{"start":{"line":60,"column":2},"end":{"line":79,"column":2}}},"3":{"name":"getAmountsIn","line":91,"loc":{"start":{"line":91,"column":2},"end":{"line":110,"column":2}}},"4":{"name":"_swapExactTokensForTokens","line":120,"loc":{"start":{"line":120,"column":2},"end":{"line":166,"column":2}}},"5":{"name":"_swapTokensForExactTokens","line":177,"loc":{"start":{"line":177,"column":2},"end":{"line":224,"column":2}}},"6":{"name":"_getPrice","line":231,"loc":{"start":{"line":231,"column":2},"end":{"line":233,"column":2}}},"7":{"name":"_getDecimals","line":239,"loc":{"start":{"line":239,"column":2},"end":{"line":241,"column":2}}},"8":{"name":"_getReserveData","line":247,"loc":{"start":{"line":247,"column":2},"end":{"line":249,"column":2}}},"9":{"name":"_pullAToken","line":259,"loc":{"start":{"line":259,"column":2},"end":{"line":283,"column":2}}},"10":{"name":"_usePermit","line":291,"loc":{"start":{"line":291,"column":2},"end":{"line":293,"column":2}}},"11":{"name":"_calcUsdValue","line":302,"loc":{"start":{"line":302,"column":2},"end":{"line":311,"column":2}}},"12":{"name":"_getAmountsOutData","line":324,"loc":{"start":{"line":324,"column":2},"end":{"line":394,"column":2}}},"13":{"name":"_getAmountsInData","line":407,"loc":{"start":{"line":407,"column":2},"end":{"line":449,"column":2}}},"14":{"name":"_getAmountsInAndPath","line":458,"loc":{"start":{"line":458,"column":2},"end":{"line":495,"column":2}}},"15":{"name":"_getAmountsIn","line":504,"loc":{"start":{"line":504,"column":2},"end":{"line":524,"column":2}}},"16":{"name":"rescueTokens","line":531,"loc":{"start":{"line":531,"column":2},"end":{"line":533,"column":2}}}},"statementMap":{"1":{"start":{"line":45,"column":4},"end":{"line":45,"column":64}},"2":{"start":{"line":46,"column":4},"end":{"line":46,"column":33}},"3":{"start":{"line":47,"column":4},"end":{"line":47,"column":29}},"4":{"start":{"line":76,"column":4},"end":{"line":76,"column":83}},"5":{"start":{"line":78,"column":4},"end":{"line":78,"column":117}},"6":{"start":{"line":107,"column":4},"end":{"line":107,"column":83}},"7":{"start":{"line":109,"column":4},"end":{"line":109,"column":117}},"8":{"start":{"line":127,"column":4},"end":{"line":127,"column":61}},"9":{"start":{"line":128,"column":4},"end":{"line":128,"column":57}},"10":{"start":{"line":130,"column":4},"end":{"line":130,"column":55}},"11":{"start":{"line":131,"column":4},"end":{"line":131,"column":51}},"12":{"start":{"line":133,"column":4},"end":{"line":133,"column":5177}},"13":{"start":{"line":138,"column":4},"end":{"line":138,"column":83}},"14":{"start":{"line":141,"column":4},"end":{"line":141,"column":66}},"15":{"start":{"line":142,"column":4},"end":{"line":142,"column":77}},"16":{"start":{"line":144,"column":4},"end":{"line":144,"column":25}},"17":{"start":{"line":145,"column":4},"end":{"line":145,"column":5737}},"18":{"start":{"line":146,"column":6},"end":{"line":146,"column":28}},"19":{"start":{"line":147,"column":6},"end":{"line":147,"column":30}},"20":{"start":{"line":148,"column":6},"end":{"line":148,"column":27}},"21":{"start":{"line":149,"column":6},"end":{"line":149,"column":28}},"22":{"start":{"line":151,"column":6},"end":{"line":151,"column":28}},"23":{"start":{"line":152,"column":6},"end":{"line":152,"column":30}},"24":{"start":{"line":153,"column":6},"end":{"line":153,"column":28}},"25":{"start":{"line":155,"column":4},"end":{"line":155,"column":5999}},"26":{"start":{"line":163,"column":4},"end":{"line":163,"column":89}},"27":{"start":{"line":165,"column":4},"end":{"line":165,"column":38}},"28":{"start":{"line":184,"column":4},"end":{"line":184,"column":61}},"29":{"start":{"line":185,"column":4},"end":{"line":185,"column":57}},"30":{"start":{"line":187,"column":4},"end":{"line":187,"column":55}},"31":{"start":{"line":188,"column":4},"end":{"line":188,"column":51}},"32":{"start":{"line":190,"column":4},"end":{"line":190,"column":7236}},"33":{"start":{"line":195,"column":4},"end":{"line":195,"column":92}},"34":{"start":{"line":198,"column":4},"end":{"line":198,"column":66}},"35":{"start":{"line":199,"column":4},"end":{"line":199,"column":80}},"36":{"start":{"line":201,"column":4},"end":{"line":201,"column":25}},"37":{"start":{"line":202,"column":4},"end":{"line":202,"column":7814}},"38":{"start":{"line":203,"column":6},"end":{"line":203,"column":28}},"39":{"start":{"line":204,"column":6},"end":{"line":204,"column":30}},"40":{"start":{"line":205,"column":6},"end":{"line":205,"column":27}},"41":{"start":{"line":206,"column":6},"end":{"line":206,"column":28}},"42":{"start":{"line":208,"column":6},"end":{"line":208,"column":28}},"43":{"start":{"line":209,"column":6},"end":{"line":209,"column":30}},"44":{"start":{"line":210,"column":6},"end":{"line":210,"column":28}},"45":{"start":{"line":213,"column":4},"end":{"line":213,"column":8077}},"46":{"start":{"line":221,"column":4},"end":{"line":221,"column":89}},"47":{"start":{"line":223,"column":4},"end":{"line":223,"column":21}},"48":{"start":{"line":232,"column":4},"end":{"line":232,"column":38}},"49":{"start":{"line":240,"column":4},"end":{"line":240,"column":43}},"50":{"start":{"line":248,"column":4},"end":{"line":248,"column":45}},"51":{"start":{"line":266,"column":4},"end":{"line":266,"column":9583}},"52":{"start":{"line":267,"column":6},"end":{"line":267,"column":9626}},"53":{"start":{"line":279,"column":4},"end":{"line":279,"column":70}},"54":{"start":{"line":282,"column":4},"end":{"line":282,"column":56}},"55":{"start":{"line":292,"column":4},"end":{"line":292,"column":101}},"56":{"start":{"line":307,"column":4},"end":{"line":307,"column":48}},"57":{"start":{"line":308,"column":4},"end":{"line":308,"column":45}},"58":{"start":{"line":310,"column":4},"end":{"line":310,"column":82}},"59":{"start":{"line":330,"column":4},"end":{"line":330,"column":90}},"60":{"start":{"line":332,"column":4},"end":{"line":332,"column":11989}},"61":{"start":{"line":333,"column":6},"end":{"line":333,"column":55}},"62":{"start":{"line":334,"column":6},"end":{"line":334,"column":46}},"63":{"start":{"line":335,"column":6},"end":{"line":335,"column":24}},"64":{"start":{"line":337,"column":6},"end":{"line":337,"column":12164}},"65":{"start":{"line":347,"column":4},"end":{"line":347,"column":50}},"66":{"start":{"line":348,"column":4},"end":{"line":348,"column":28}},"67":{"start":{"line":349,"column":4},"end":{"line":349,"column":29}},"68":{"start":{"line":351,"column":4},"end":{"line":351,"column":39}},"69":{"start":{"line":352,"column":4},"end":{"line":352,"column":36}},"70":{"start":{"line":354,"column":4},"end":{"line":354,"column":52}},"71":{"start":{"line":355,"column":4},"end":{"line":355,"column":12680}},"72":{"start":{"line":356,"column":6},"end":{"line":356,"column":32}},"73":{"start":{"line":357,"column":6},"end":{"line":357,"column":35}},"74":{"start":{"line":358,"column":6},"end":{"line":358,"column":33}},"75":{"start":{"line":360,"column":6},"end":{"line":360,"column":12861}},"76":{"start":{"line":361,"column":8},"end":{"line":361,"column":40}},"77":{"start":{"line":363,"column":8},"end":{"line":363,"column":41}},"78":{"start":{"line":366,"column":6},"end":{"line":366,"column":39}},"79":{"start":{"line":369,"column":4},"end":{"line":369,"column":25}},"80":{"start":{"line":370,"column":4},"end":{"line":370,"column":13170}},"81":{"start":{"line":371,"column":6},"end":{"line":371,"column":39}},"82":{"start":{"line":373,"column":6},"end":{"line":373,"column":110}},"83":{"start":{"line":375,"column":6},"end":{"line":375,"column":42}},"84":{"start":{"line":376,"column":6},"end":{"line":376,"column":39}},"85":{"start":{"line":379,"column":4},"end":{"line":379,"column":55}},"86":{"start":{"line":380,"column":4},"end":{"line":380,"column":57}},"87":{"start":{"line":382,"column":4},"end":{"line":382,"column":13659}},"88":{"start":{"line":386,"column":4},"end":{"line":386,"column":13803}},"89":{"start":{"line":412,"column":4},"end":{"line":412,"column":14900}},"90":{"start":{"line":414,"column":6},"end":{"line":414,"column":89}},"91":{"start":{"line":415,"column":6},"end":{"line":415,"column":55}},"92":{"start":{"line":416,"column":6},"end":{"line":416,"column":46}},"93":{"start":{"line":417,"column":6},"end":{"line":417,"column":24}},"94":{"start":{"line":419,"column":6},"end":{"line":419,"column":15194}},"95":{"start":{"line":429,"column":4},"end":{"line":429,"column":110}},"96":{"start":{"line":432,"column":4},"end":{"line":432,"column":94}},"97":{"start":{"line":434,"column":4},"end":{"line":434,"column":55}},"98":{"start":{"line":435,"column":4},"end":{"line":435,"column":57}},"99":{"start":{"line":437,"column":4},"end":{"line":437,"column":15801}},"100":{"start":{"line":441,"column":4},"end":{"line":441,"column":15941}},"101":{"start":{"line":463,"column":4},"end":{"line":463,"column":50}},"102":{"start":{"line":464,"column":4},"end":{"line":464,"column":28}},"103":{"start":{"line":465,"column":4},"end":{"line":465,"column":29}},"104":{"start":{"line":467,"column":4},"end":{"line":467,"column":39}},"105":{"start":{"line":468,"column":4},"end":{"line":468,"column":36}},"106":{"start":{"line":469,"column":4},"end":{"line":469,"column":52}},"107":{"start":{"line":471,"column":4},"end":{"line":471,"column":16939}},"108":{"start":{"line":472,"column":6},"end":{"line":472,"column":32}},"109":{"start":{"line":473,"column":6},"end":{"line":473,"column":35}},"110":{"start":{"line":474,"column":6},"end":{"line":474,"column":33}},"111":{"start":{"line":476,"column":6},"end":{"line":476,"column":17120}},"112":{"start":{"line":477,"column":8},"end":{"line":477,"column":40}},"113":{"start":{"line":479,"column":8},"end":{"line":479,"column":41}},"114":{"start":{"line":482,"column":6},"end":{"line":482,"column":39}},"115":{"start":{"line":485,"column":4},"end":{"line":485,"column":17397}},"116":{"start":{"line":486,"column":6},"end":{"line":486,"column":39}},"117":{"start":{"line":488,"column":6},"end":{"line":488,"column":17584}},"118":{"start":{"line":493,"column":6},"end":{"line":493,"column":44}},"119":{"start":{"line":510,"column":4},"end":{"line":510,"column":25}},"120":{"start":{"line":512,"column":4},"end":{"line":512,"column":18335}},"121":{"start":{"line":513,"column":6},"end":{"line":513,"column":28}},"122":{"start":{"line":514,"column":6},"end":{"line":514,"column":24}},"123":{"start":{"line":515,"column":6},"end":{"line":515,"column":27}},"124":{"start":{"line":516,"column":6},"end":{"line":516,"column":25}},"125":{"start":{"line":518,"column":6},"end":{"line":518,"column":28}},"126":{"start":{"line":519,"column":6},"end":{"line":519,"column":24}},"127":{"start":{"line":520,"column":6},"end":{"line":520,"column":25}},"128":{"start":{"line":523,"column":4},"end":{"line":523,"column":55}},"129":{"start":{"line":532,"column":4},"end":{"line":532,"column":58}}},"branchMap":{"1":{"line":138,"type":"if","locations":[{"start":{"line":138,"column":4},"end":{"line":138,"column":4}},{"start":{"line":138,"column":4},"end":{"line":138,"column":4}}]},"2":{"line":145,"type":"if","locations":[{"start":{"line":145,"column":4},"end":{"line":145,"column":4}},{"start":{"line":145,"column":4},"end":{"line":145,"column":4}}]},"3":{"line":195,"type":"if","locations":[{"start":{"line":195,"column":4},"end":{"line":195,"column":4}},{"start":{"line":195,"column":4},"end":{"line":195,"column":4}}]},"4":{"line":202,"type":"if","locations":[{"start":{"line":202,"column":4},"end":{"line":202,"column":4}},{"start":{"line":202,"column":4},"end":{"line":202,"column":4}}]},"5":{"line":266,"type":"if","locations":[{"start":{"line":266,"column":4},"end":{"line":266,"column":4}},{"start":{"line":266,"column":4},"end":{"line":266,"column":4}}]},"6":{"line":332,"type":"if","locations":[{"start":{"line":332,"column":4},"end":{"line":332,"column":4}},{"start":{"line":332,"column":4},"end":{"line":332,"column":4}}]},"7":{"line":355,"type":"if","locations":[{"start":{"line":355,"column":4},"end":{"line":355,"column":4}},{"start":{"line":355,"column":4},"end":{"line":355,"column":4}}]},"8":{"line":412,"type":"if","locations":[{"start":{"line":412,"column":4},"end":{"line":412,"column":4}},{"start":{"line":412,"column":4},"end":{"line":412,"column":4}}]},"9":{"line":471,"type":"if","locations":[{"start":{"line":471,"column":4},"end":{"line":471,"column":4}},{"start":{"line":471,"column":4},"end":{"line":471,"column":4}}]},"10":{"line":512,"type":"if","locations":[{"start":{"line":512,"column":4},"end":{"line":512,"column":4}},{"start":{"line":512,"column":4},"end":{"line":512,"column":4}}]}}},"contracts/adapters/FlashLiquidationAdapter.sol":{"l":{"71":2,"73":2,"75":2,"77":2,"88":2,"112":2,"113":2,"114":2,"115":1,"118":1,"120":2,"123":2,"126":2,"129":2,"132":2,"134":2,"136":1,"139":1,"142":1,"149":1,"151":1,"155":2,"158":2,"159":2,"174":2,"179":2},"path":"/Users/lock/defi/accu-finance/protocol-v1/contracts/adapters/FlashLiquidationAdapter.sol","s":{"1":2,"2":2,"3":2,"4":2,"5":2,"6":2,"7":2,"8":2,"9":1,"10":1,"11":2,"12":2,"13":2,"14":2,"15":2,"16":2,"17":1,"18":1,"19":1,"20":1,"21":1,"22":2,"23":2,"24":2,"25":2,"26":2},"b":{"1":[2,0],"2":[2,0],"3":[1,1],"4":[1,1],"5":[2,0]},"f":{"1":3,"2":2,"3":2,"4":2},"fnMap":{"1":{"name":"constructor","line":47,"loc":{"start":{"line":43,"column":2},"end":{"line":47,"column":76}}},"2":{"name":"executeOperation","line":64,"loc":{"start":{"line":64,"column":2},"end":{"line":89,"column":2}}},"3":{"name":"_liquidateAndSwap","line":102,"loc":{"start":{"line":102,"column":2},"end":{"line":161,"column":2}}},"4":{"name":"_decodeParams","line":173,"loc":{"start":{"line":173,"column":2},"end":{"line":180,"column":2}}}},"statementMap":{"1":{"start":{"line":71,"column":4},"end":{"line":71,"column":78}},"2":{"start":{"line":73,"column":4},"end":{"line":73,"column":66}},"3":{"start":{"line":75,"column":4},"end":{"line":75,"column":97}},"4":{"start":{"line":77,"column":4},"end":{"line":77,"column":3260}},"5":{"start":{"line":88,"column":4},"end":{"line":88,"column":15}},"6":{"start":{"line":112,"column":4},"end":{"line":112,"column":40}},"7":{"start":{"line":113,"column":4},"end":{"line":113,"column":80}},"8":{"start":{"line":114,"column":4},"end":{"line":114,"column":4551}},"9":{"start":{"line":115,"column":6},"end":{"line":115,"column":83}},"10":{"start":{"line":118,"column":6},"end":{"line":118,"column":89}},"11":{"start":{"line":120,"column":4},"end":{"line":120,"column":56}},"12":{"start":{"line":123,"column":4},"end":{"line":123,"column":68}},"13":{"start":{"line":126,"column":4},"end":{"line":126,"column":89}},"14":{"start":{"line":129,"column":4},"end":{"line":129,"column":85}},"15":{"start":{"line":132,"column":4},"end":{"line":132,"column":86}},"16":{"start":{"line":134,"column":4},"end":{"line":134,"column":5533}},"17":{"start":{"line":136,"column":6},"end":{"line":136,"column":86}},"18":{"start":{"line":139,"column":6},"end":{"line":139,"column":93}},"19":{"start":{"line":142,"column":6},"end":{"line":142,"column":5993}},"20":{"start":{"line":149,"column":6},"end":{"line":149,"column":75}},"21":{"start":{"line":151,"column":6},"end":{"line":151,"column":67}},"22":{"start":{"line":155,"column":4},"end":{"line":155,"column":75}},"23":{"start":{"line":158,"column":4},"end":{"line":158,"column":6541}},"24":{"start":{"line":159,"column":6},"end":{"line":159,"column":70}},"25":{"start":{"line":174,"column":4},"end":{"line":174,"column":7394}},"26":{"start":{"line":179,"column":4},"end":{"line":179,"column":91}}},"branchMap":{"1":{"line":71,"type":"if","locations":[{"start":{"line":71,"column":4},"end":{"line":71,"column":4}},{"start":{"line":71,"column":4},"end":{"line":71,"column":4}}]},"2":{"line":75,"type":"if","locations":[{"start":{"line":75,"column":4},"end":{"line":75,"column":4}},{"start":{"line":75,"column":4},"end":{"line":75,"column":4}}]},"3":{"line":114,"type":"if","locations":[{"start":{"line":114,"column":4},"end":{"line":114,"column":4}},{"start":{"line":114,"column":4},"end":{"line":114,"column":4}}]},"4":{"line":134,"type":"if","locations":[{"start":{"line":134,"column":4},"end":{"line":134,"column":4}},{"start":{"line":134,"column":4},"end":{"line":134,"column":4}}]},"5":{"line":158,"type":"if","locations":[{"start":{"line":158,"column":4},"end":{"line":158,"column":4}},{"start":{"line":158,"column":4},"end":{"line":158,"column":4}}]}}},"contracts/adapters/interfaces/IBaseUniswapAdapter.sol":{"l":{},"path":"/Users/lock/defi/accu-finance/protocol-v1/contracts/adapters/interfaces/IBaseUniswapAdapter.sol","s":{},"b":{},"f":{},"fnMap":{},"statementMap":{},"branchMap":{}},"contracts/adapters/UniswapLiquiditySwapAdapter.sol":{"l":{"64":1,"66":1,"68":1,"81":1,"82":1,"101":1,"138":0,"146":0,"148":0,"149":0,"151":0,"152":0,"156":0,"158":0,"167":0,"168":0,"169":0,"205":1,"207":1,"209":1,"210":1,"214":1,"223":1,"224":1,"225":1,"227":1,"228":1,"230":1,"233":1,"234":1,"252":1,"264":1},"path":"/Users/lock/defi/accu-finance/protocol-v1/contracts/adapters/UniswapLiquiditySwapAdapter.sol","s":{"1":1,"2":1,"3":1,"4":1,"5":1,"6":1,"7":0,"8":0,"9":0,"10":0,"11":0,"12":0,"13":0,"14":0,"15":0,"16":0,"17":0,"18":1,"19":1,"20":1,"21":1,"22":1,"23":1,"24":1,"25":1,"26":1,"27":1,"28":1,"29":1,"30":1,"31":1,"32":1},"b":{"1":[1,0],"2":[1,0],"3":[0,0]},"f":{"1":3,"2":1,"3":0,"4":1,"5":1},"fnMap":{"1":{"name":"constructor","line":36,"loc":{"start":{"line":32,"column":2},"end":{"line":36,"column":76}}},"2":{"name":"executeOperation","line":57,"loc":{"start":{"line":57,"column":2},"end":{"line":102,"column":2}}},"3":{"name":"swapAndDeposit","line":130,"loc":{"start":{"line":130,"column":2},"end":{"line":171,"column":2}}},"4":{"name":"_swapLiquidity","line":194,"loc":{"start":{"line":194,"column":2},"end":{"line":235,"column":2}}},"5":{"name":"_decodeParams","line":251,"loc":{"start":{"line":251,"column":2},"end":{"line":272,"column":2}}}},"statementMap":{"1":{"start":{"line":64,"column":4},"end":{"line":64,"column":78}},"2":{"start":{"line":66,"column":4},"end":{"line":66,"column":59}},"3":{"start":{"line":68,"column":4},"end":{"line":68,"column":2638}},"4":{"start":{"line":81,"column":4},"end":{"line":81,"column":3275}},"5":{"start":{"line":82,"column":6},"end":{"line":82,"column":3329}},"6":{"start":{"line":101,"column":4},"end":{"line":101,"column":15}},"7":{"start":{"line":138,"column":4},"end":{"line":138,"column":5604}},"8":{"start":{"line":146,"column":4},"end":{"line":146,"column":39}},"9":{"start":{"line":148,"column":4},"end":{"line":148,"column":5951}},"10":{"start":{"line":149,"column":6},"end":{"line":149,"column":77}},"11":{"start":{"line":151,"column":6},"end":{"line":151,"column":76}},"12":{"start":{"line":152,"column":6},"end":{"line":152,"column":6212}},"13":{"start":{"line":156,"column":6},"end":{"line":156,"column":111}},"14":{"start":{"line":158,"column":6},"end":{"line":158,"column":6456}},"15":{"start":{"line":167,"column":6},"end":{"line":167,"column":76}},"16":{"start":{"line":168,"column":6},"end":{"line":168,"column":94}},"17":{"start":{"line":169,"column":6},"end":{"line":169,"column":88}},"18":{"start":{"line":205,"column":4},"end":{"line":205,"column":38}},"19":{"start":{"line":207,"column":4},"end":{"line":207,"column":57}},"20":{"start":{"line":209,"column":4},"end":{"line":209,"column":73}},"21":{"start":{"line":210,"column":4},"end":{"line":210,"column":8334}},"22":{"start":{"line":214,"column":4},"end":{"line":214,"column":8484}},"23":{"start":{"line":223,"column":4},"end":{"line":223,"column":56}},"24":{"start":{"line":224,"column":4},"end":{"line":224,"column":74}},"25":{"start":{"line":225,"column":4},"end":{"line":225,"column":67}},"26":{"start":{"line":227,"column":4},"end":{"line":227,"column":43}},"27":{"start":{"line":228,"column":4},"end":{"line":228,"column":53}},"28":{"start":{"line":230,"column":4},"end":{"line":230,"column":85}},"29":{"start":{"line":233,"column":4},"end":{"line":233,"column":58}},"30":{"start":{"line":234,"column":4},"end":{"line":234,"column":75}},"31":{"start":{"line":252,"column":4},"end":{"line":252,"column":10364}},"32":{"start":{"line":264,"column":4},"end":{"line":264,"column":10679}}},"branchMap":{"1":{"line":64,"type":"if","locations":[{"start":{"line":64,"column":4},"end":{"line":64,"column":4}},{"start":{"line":64,"column":4},"end":{"line":64,"column":4}}]},"2":{"line":68,"type":"if","locations":[{"start":{"line":68,"column":4},"end":{"line":68,"column":4}},{"start":{"line":68,"column":4},"end":{"line":68,"column":4}}]},"3":{"line":138,"type":"if","locations":[{"start":{"line":138,"column":4},"end":{"line":138,"column":4}},{"start":{"line":138,"column":4},"end":{"line":138,"column":4}}]}}},"contracts/adapters/UniswapRepayAdapter.sol":{"l":{"58":1,"60":1,"62":1,"74":1,"100":0,"101":0,"103":0,"107":0,"108":0,"110":0,"111":0,"112":0,"113":0,"117":0,"118":0,"121":0,"124":0,"127":0,"131":0,"132":0,"133":0,"159":1,"162":1,"163":1,"164":1,"165":1,"166":1,"168":1,"169":1,"170":1,"171":0,"174":1,"175":1,"176":1,"179":1,"182":1,"185":0,"195":1,"196":1,"214":1,"226":1},"path":"/Users/lock/defi/accu-finance/protocol-v1/contracts/adapters/UniswapRepayAdapter.sol","s":{"1":1,"2":1,"3":1,"4":1,"5":0,"6":0,"7":0,"8":0,"9":0,"10":0,"11":0,"12":0,"13":0,"14":0,"15":0,"16":0,"17":0,"18":0,"19":0,"20":0,"21":0,"22":1,"23":1,"24":1,"25":1,"26":1,"27":1,"28":1,"29":1,"30":1,"31":0,"32":1,"33":1,"34":1,"35":1,"36":1,"37":0,"38":1,"39":1,"40":1,"41":1},"b":{"1":[1,0],"2":[0,0],"3":[0,0],"4":[0,0],"5":[1,0],"6":[0,1],"7":[1,0]},"f":{"1":3,"2":1,"3":0,"4":1,"5":1},"fnMap":{"1":{"name":"constructor","line":29,"loc":{"start":{"line":25,"column":2},"end":{"line":29,"column":76}}},"2":{"name":"executeOperation","line":51,"loc":{"start":{"line":51,"column":2},"end":{"line":75,"column":2}}},"3":{"name":"swapAndRepay","line":91,"loc":{"start":{"line":91,"column":2},"end":{"line":134,"column":2}}},"4":{"name":"_swapAndRepay","line":148,"loc":{"start":{"line":148,"column":2},"end":{"line":197,"column":2}}},"5":{"name":"_decodeParams","line":213,"loc":{"start":{"line":213,"column":2},"end":{"line":234,"column":2}}}},"statementMap":{"1":{"start":{"line":58,"column":4},"end":{"line":58,"column":78}},"2":{"start":{"line":60,"column":4},"end":{"line":60,"column":60}},"3":{"start":{"line":62,"column":4},"end":{"line":62,"column":2504}},"4":{"start":{"line":74,"column":4},"end":{"line":74,"column":15}},"5":{"start":{"line":100,"column":4},"end":{"line":100,"column":89}},"6":{"start":{"line":101,"column":4},"end":{"line":101,"column":77}},"7":{"start":{"line":103,"column":4},"end":{"line":103,"column":4082}},"8":{"start":{"line":107,"column":4},"end":{"line":107,"column":65}},"9":{"start":{"line":108,"column":4},"end":{"line":108,"column":90}},"10":{"start":{"line":110,"column":4},"end":{"line":110,"column":4398}},"11":{"start":{"line":111,"column":6},"end":{"line":111,"column":52}},"12":{"start":{"line":112,"column":6},"end":{"line":112,"column":4496}},"13":{"start":{"line":113,"column":8},"end":{"line":113,"column":88}},"14":{"start":{"line":117,"column":6},"end":{"line":117,"column":101}},"15":{"start":{"line":118,"column":6},"end":{"line":118,"column":68}},"16":{"start":{"line":121,"column":6},"end":{"line":121,"column":111}},"17":{"start":{"line":124,"column":6},"end":{"line":124,"column":97}},"18":{"start":{"line":127,"column":6},"end":{"line":127,"column":114}},"19":{"start":{"line":131,"column":4},"end":{"line":131,"column":58}},"20":{"start":{"line":132,"column":4},"end":{"line":132,"column":70}},"21":{"start":{"line":133,"column":4},"end":{"line":133,"column":73}},"22":{"start":{"line":159,"column":4},"end":{"line":159,"column":89}},"23":{"start":{"line":162,"column":4},"end":{"line":162,"column":58}},"24":{"start":{"line":163,"column":4},"end":{"line":163,"column":63}},"25":{"start":{"line":164,"column":4},"end":{"line":164,"column":69}},"26":{"start":{"line":165,"column":4},"end":{"line":165,"column":61}},"27":{"start":{"line":166,"column":4},"end":{"line":166,"column":78}},"28":{"start":{"line":168,"column":4},"end":{"line":168,"column":7060}},"29":{"start":{"line":169,"column":6},"end":{"line":169,"column":52}},"30":{"start":{"line":170,"column":6},"end":{"line":170,"column":7158}},"31":{"start":{"line":171,"column":8},"end":{"line":171,"column":78}},"32":{"start":{"line":174,"column":6},"end":{"line":174,"column":64}},"33":{"start":{"line":175,"column":6},"end":{"line":175,"column":110}},"34":{"start":{"line":176,"column":6},"end":{"line":176,"column":68}},"35":{"start":{"line":179,"column":6},"end":{"line":179,"column":110}},"36":{"start":{"line":182,"column":6},"end":{"line":182,"column":106}},"37":{"start":{"line":185,"column":6},"end":{"line":185,"column":7882}},"38":{"start":{"line":195,"column":4},"end":{"line":195,"column":58}},"39":{"start":{"line":196,"column":4},"end":{"line":196,"column":76}},"40":{"start":{"line":214,"column":4},"end":{"line":214,"column":9245}},"41":{"start":{"line":226,"column":4},"end":{"line":226,"column":9471}}},"branchMap":{"1":{"line":58,"type":"if","locations":[{"start":{"line":58,"column":4},"end":{"line":58,"column":4}},{"start":{"line":58,"column":4},"end":{"line":58,"column":4}}]},"2":{"line":110,"type":"if","locations":[{"start":{"line":110,"column":4},"end":{"line":110,"column":4}},{"start":{"line":110,"column":4},"end":{"line":110,"column":4}}]},"3":{"line":112,"type":"if","locations":[{"start":{"line":112,"column":6},"end":{"line":112,"column":6}},{"start":{"line":112,"column":6},"end":{"line":112,"column":6}}]},"4":{"line":118,"type":"if","locations":[{"start":{"line":118,"column":6},"end":{"line":118,"column":6}},{"start":{"line":118,"column":6},"end":{"line":118,"column":6}}]},"5":{"line":168,"type":"if","locations":[{"start":{"line":168,"column":4},"end":{"line":168,"column":4}},{"start":{"line":168,"column":4},"end":{"line":168,"column":4}}]},"6":{"line":170,"type":"if","locations":[{"start":{"line":170,"column":6},"end":{"line":170,"column":6}},{"start":{"line":170,"column":6},"end":{"line":170,"column":6}}]},"7":{"line":176,"type":"if","locations":[{"start":{"line":176,"column":6},"end":{"line":176,"column":6}},{"start":{"line":176,"column":6},"end":{"line":176,"column":6}}]}}},"contracts/dependencies/openzeppelin/contracts/Address.sol":{"l":{"29":207,"30":207,"32":207,"35":207,"55":0,"58":0,"59":0},"path":"/Users/lock/defi/accu-finance/protocol-v1/contracts/dependencies/openzeppelin/contracts/Address.sol","s":{"1":207,"2":207,"3":207,"4":0,"5":0,"6":0},"b":{"1":[0,0],"2":[0,0]},"f":{"1":207,"2":0},"fnMap":{"1":{"name":"isContract","line":25,"loc":{"start":{"line":25,"column":2},"end":{"line":36,"column":2}}},"2":{"name":"sendValue","line":54,"loc":{"start":{"line":54,"column":2},"end":{"line":60,"column":2}}}},"statementMap":{"1":{"start":{"line":29,"column":4},"end":{"line":29,"column":20}},"2":{"start":{"line":30,"column":4},"end":{"line":30,"column":92}},"3":{"start":{"line":35,"column":4},"end":{"line":35,"column":55}},"4":{"start":{"line":55,"column":4},"end":{"line":55,"column":76}},"5":{"start":{"line":58,"column":4},"end":{"line":58,"column":56}},"6":{"start":{"line":59,"column":4},"end":{"line":59,"column":81}}},"branchMap":{"1":{"line":55,"type":"if","locations":[{"start":{"line":55,"column":4},"end":{"line":55,"column":4}},{"start":{"line":55,"column":4},"end":{"line":55,"column":4}}]},"2":{"line":59,"type":"if","locations":[{"start":{"line":59,"column":4},"end":{"line":59,"column":4}},{"start":{"line":59,"column":4},"end":{"line":59,"column":4}}]}}},"contracts/dependencies/openzeppelin/contracts/Context.sol":{"l":{"16":551,"20":0,"21":0},"path":"/Users/lock/defi/accu-finance/protocol-v1/contracts/dependencies/openzeppelin/contracts/Context.sol","s":{"1":551,"2":0},"b":{},"f":{"1":551,"2":0},"fnMap":{"1":{"name":"_msgSender","line":15,"loc":{"start":{"line":15,"column":2},"end":{"line":17,"column":2}}},"2":{"name":"_msgData","line":19,"loc":{"start":{"line":19,"column":2},"end":{"line":22,"column":2}}}},"statementMap":{"1":{"start":{"line":16,"column":4},"end":{"line":16,"column":21}},"2":{"start":{"line":21,"column":4},"end":{"line":21,"column":19}}},"branchMap":{}},"contracts/dependencies/openzeppelin/contracts/ERC20.sol":{"l":{"58":30,"59":30,"60":30,"67":0,"75":0,"92":168,"99":0,"106":437,"118":32,"119":32,"126":5,"137":65,"138":65,"158":57,"159":57,"164":57,"180":0,"181":0,"199":0,"204":0,"226":89,"227":89,"229":89,"231":89,"232":89,"233":89,"246":52,"248":52,"250":52,"251":52,"252":52,"267":0,"269":0,"271":0,"272":0,"273":0,"294":122,"295":122,"297":122,"298":122,"309":30},"path":"/Users/lock/defi/accu-finance/protocol-v1/contracts/dependencies/openzeppelin/contracts/ERC20.sol","s":{"1":30,"2":30,"3":30,"4":0,"5":0,"6":168,"7":0,"8":437,"9":32,"10":32,"11":5,"12":65,"13":65,"14":57,"15":57,"16":57,"17":0,"18":0,"19":0,"20":0,"21":89,"22":89,"23":89,"24":89,"25":89,"26":89,"27":52,"28":52,"29":52,"30":52,"31":52,"32":0,"33":0,"34":0,"35":0,"36":0,"37":122,"38":122,"39":122,"40":122,"41":30},"b":{"1":[89,0],"2":[89,0],"3":[52,0],"4":[0,0],"5":[122,0],"6":[122,0]},"f":{"1":30,"2":0,"3":0,"4":168,"5":0,"6":437,"7":32,"8":5,"9":65,"10":57,"11":0,"12":0,"13":89,"14":52,"15":0,"16":122,"17":30,"18":141},"fnMap":{"1":{"name":"constructor","line":57,"loc":{"start":{"line":57,"column":2},"end":{"line":61,"column":2}}},"2":{"name":"name","line":66,"loc":{"start":{"line":66,"column":2},"end":{"line":68,"column":2}}},"3":{"name":"symbol","line":74,"loc":{"start":{"line":74,"column":2},"end":{"line":76,"column":2}}},"4":{"name":"decimals","line":91,"loc":{"start":{"line":91,"column":2},"end":{"line":93,"column":2}}},"5":{"name":"totalSupply","line":98,"loc":{"start":{"line":98,"column":2},"end":{"line":100,"column":2}}},"6":{"name":"balanceOf","line":105,"loc":{"start":{"line":105,"column":2},"end":{"line":107,"column":2}}},"7":{"name":"transfer","line":117,"loc":{"start":{"line":117,"column":2},"end":{"line":120,"column":2}}},"8":{"name":"allowance","line":125,"loc":{"start":{"line":125,"column":2},"end":{"line":127,"column":2}}},"9":{"name":"approve","line":136,"loc":{"start":{"line":136,"column":2},"end":{"line":139,"column":2}}},"10":{"name":"transferFrom","line":153,"loc":{"start":{"line":153,"column":2},"end":{"line":165,"column":2}}},"11":{"name":"increaseAllowance","line":179,"loc":{"start":{"line":179,"column":2},"end":{"line":182,"column":2}}},"12":{"name":"decreaseAllowance","line":198,"loc":{"start":{"line":198,"column":2},"end":{"line":205,"column":2}}},"13":{"name":"_transfer","line":221,"loc":{"start":{"line":221,"column":2},"end":{"line":234,"column":2}}},"14":{"name":"_mint","line":245,"loc":{"start":{"line":245,"column":2},"end":{"line":253,"column":2}}},"15":{"name":"_burn","line":266,"loc":{"start":{"line":266,"column":2},"end":{"line":274,"column":2}}},"16":{"name":"_approve","line":289,"loc":{"start":{"line":289,"column":2},"end":{"line":299,"column":2}}},"17":{"name":"_setupDecimals","line":308,"loc":{"start":{"line":308,"column":2},"end":{"line":310,"column":2}}},"18":{"name":"_beforeTokenTransfer","line":326,"loc":{"start":{"line":326,"column":2},"end":{"line":330,"column":22}}}},"statementMap":{"1":{"start":{"line":58,"column":4},"end":{"line":58,"column":15}},"2":{"start":{"line":59,"column":4},"end":{"line":59,"column":19}},"3":{"start":{"line":60,"column":4},"end":{"line":60,"column":17}},"4":{"start":{"line":67,"column":4},"end":{"line":67,"column":16}},"5":{"start":{"line":75,"column":4},"end":{"line":75,"column":18}},"6":{"start":{"line":92,"column":4},"end":{"line":92,"column":20}},"7":{"start":{"line":99,"column":4},"end":{"line":99,"column":23}},"8":{"start":{"line":106,"column":4},"end":{"line":106,"column":29}},"9":{"start":{"line":118,"column":4},"end":{"line":118,"column":45}},"10":{"start":{"line":119,"column":4},"end":{"line":119,"column":15}},"11":{"start":{"line":126,"column":4},"end":{"line":126,"column":38}},"12":{"start":{"line":137,"column":4},"end":{"line":137,"column":42}},"13":{"start":{"line":138,"column":4},"end":{"line":138,"column":15}},"14":{"start":{"line":158,"column":4},"end":{"line":158,"column":39}},"15":{"start":{"line":159,"column":4},"end":{"line":159,"column":4795}},"16":{"start":{"line":164,"column":4},"end":{"line":164,"column":15}},"17":{"start":{"line":180,"column":4},"end":{"line":180,"column":86}},"18":{"start":{"line":181,"column":4},"end":{"line":181,"column":15}},"19":{"start":{"line":199,"column":4},"end":{"line":199,"column":6098}},"20":{"start":{"line":204,"column":4},"end":{"line":204,"column":15}},"21":{"start":{"line":226,"column":4},"end":{"line":226,"column":73}},"22":{"start":{"line":227,"column":4},"end":{"line":227,"column":74}},"23":{"start":{"line":229,"column":4},"end":{"line":229,"column":50}},"24":{"start":{"line":231,"column":4},"end":{"line":231,"column":94}},"25":{"start":{"line":232,"column":4},"end":{"line":232,"column":58}},"26":{"start":{"line":233,"column":4},"end":{"line":233,"column":44}},"27":{"start":{"line":246,"column":4},"end":{"line":246,"column":68}},"28":{"start":{"line":248,"column":4},"end":{"line":248,"column":52}},"29":{"start":{"line":250,"column":4},"end":{"line":250,"column":42}},"30":{"start":{"line":251,"column":4},"end":{"line":251,"column":54}},"31":{"start":{"line":252,"column":4},"end":{"line":252,"column":46}},"32":{"start":{"line":267,"column":4},"end":{"line":267,"column":70}},"33":{"start":{"line":269,"column":4},"end":{"line":269,"column":52}},"34":{"start":{"line":271,"column":4},"end":{"line":271,"column":92}},"35":{"start":{"line":272,"column":4},"end":{"line":272,"column":42}},"36":{"start":{"line":273,"column":4},"end":{"line":273,"column":46}},"37":{"start":{"line":294,"column":4},"end":{"line":294,"column":71}},"38":{"start":{"line":295,"column":4},"end":{"line":295,"column":71}},"39":{"start":{"line":297,"column":4},"end":{"line":297,"column":39}},"40":{"start":{"line":298,"column":4},"end":{"line":298,"column":41}},"41":{"start":{"line":309,"column":4},"end":{"line":309,"column":24}}},"branchMap":{"1":{"line":226,"type":"if","locations":[{"start":{"line":226,"column":4},"end":{"line":226,"column":4}},{"start":{"line":226,"column":4},"end":{"line":226,"column":4}}]},"2":{"line":227,"type":"if","locations":[{"start":{"line":227,"column":4},"end":{"line":227,"column":4}},{"start":{"line":227,"column":4},"end":{"line":227,"column":4}}]},"3":{"line":246,"type":"if","locations":[{"start":{"line":246,"column":4},"end":{"line":246,"column":4}},{"start":{"line":246,"column":4},"end":{"line":246,"column":4}}]},"4":{"line":267,"type":"if","locations":[{"start":{"line":267,"column":4},"end":{"line":267,"column":4}},{"start":{"line":267,"column":4},"end":{"line":267,"column":4}}]},"5":{"line":294,"type":"if","locations":[{"start":{"line":294,"column":4},"end":{"line":294,"column":4}},{"start":{"line":294,"column":4},"end":{"line":294,"column":4}}]},"6":{"line":295,"type":"if","locations":[{"start":{"line":295,"column":4},"end":{"line":295,"column":4}},{"start":{"line":295,"column":4},"end":{"line":295,"column":4}}]}}},"contracts/dependencies/openzeppelin/contracts/IERC20.sol":{"l":{},"path":"/Users/lock/defi/accu-finance/protocol-v1/contracts/dependencies/openzeppelin/contracts/IERC20.sol","s":{},"b":{},"f":{},"fnMap":{},"statementMap":{},"branchMap":{}},"contracts/dependencies/openzeppelin/contracts/IERC20Detailed.sol":{"l":{},"path":"/Users/lock/defi/accu-finance/protocol-v1/contracts/dependencies/openzeppelin/contracts/IERC20Detailed.sol","s":{},"b":{},"f":{},"fnMap":{},"statementMap":{},"branchMap":{}},"contracts/dependencies/openzeppelin/contracts/Ownable.sol":{"l":{"28":24,"29":24,"30":24,"37":0,"44":41,"45":32,"56":0,"57":0,"65":1,"66":1,"67":1},"path":"/Users/lock/defi/accu-finance/protocol-v1/contracts/dependencies/openzeppelin/contracts/Ownable.sol","s":{"1":24,"2":24,"3":24,"4":0,"5":41,"6":0,"7":0,"8":1,"9":1,"10":1},"b":{"1":[32,9],"2":[1,0]},"f":{"1":24,"2":0,"3":41,"4":0,"5":1},"fnMap":{"1":{"name":"constructor","line":27,"loc":{"start":{"line":27,"column":2},"end":{"line":31,"column":2}}},"2":{"name":"owner","line":36,"loc":{"start":{"line":36,"column":2},"end":{"line":38,"column":2}}},"3":{"name":"onlyOwner","line":43,"loc":{"start":{"line":43,"column":2},"end":{"line":46,"column":2}}},"4":{"name":"renounceOwnership","line":55,"loc":{"start":{"line":55,"column":2},"end":{"line":58,"column":2}}},"5":{"name":"transferOwnership","line":64,"loc":{"start":{"line":64,"column":2},"end":{"line":68,"column":2}}}},"statementMap":{"1":{"start":{"line":28,"column":4},"end":{"line":28,"column":36}},"2":{"start":{"line":29,"column":4},"end":{"line":29,"column":21}},"3":{"start":{"line":30,"column":4},"end":{"line":30,"column":52}},"4":{"start":{"line":37,"column":4},"end":{"line":37,"column":17}},"5":{"start":{"line":44,"column":4},"end":{"line":44,"column":70}},"6":{"start":{"line":56,"column":4},"end":{"line":56,"column":49}},"7":{"start":{"line":57,"column":4},"end":{"line":57,"column":22}},"8":{"start":{"line":65,"column":4},"end":{"line":65,"column":76}},"9":{"start":{"line":66,"column":4},"end":{"line":66,"column":47}},"10":{"start":{"line":67,"column":4},"end":{"line":67,"column":20}}},"branchMap":{"1":{"line":44,"type":"if","locations":[{"start":{"line":44,"column":4},"end":{"line":44,"column":4}},{"start":{"line":44,"column":4},"end":{"line":44,"column":4}}]},"2":{"line":65,"type":"if","locations":[{"start":{"line":65,"column":4},"end":{"line":65,"column":4}},{"start":{"line":65,"column":4},"end":{"line":65,"column":4}}]}}},"contracts/dependencies/openzeppelin/contracts/SafeERC20.sol":{"l":{"27":55,"36":91,"44":14,"48":14,"52":160,"55":160,"56":160,"58":158,"61":158},"path":"/Users/lock/defi/accu-finance/protocol-v1/contracts/dependencies/openzeppelin/contracts/SafeERC20.sol","s":{"1":55,"2":91,"3":14,"4":14,"5":160,"6":160,"7":160,"8":158,"9":158},"b":{"1":[14,0],"2":[160,0],"3":[158,2],"4":[158,0],"5":[158,0]},"f":{"1":55,"2":91,"3":14,"4":160},"fnMap":{"1":{"name":"safeTransfer","line":22,"loc":{"start":{"line":22,"column":2},"end":{"line":28,"column":2}}},"2":{"name":"safeTransferFrom","line":30,"loc":{"start":{"line":30,"column":2},"end":{"line":37,"column":2}}},"3":{"name":"safeApprove","line":39,"loc":{"start":{"line":39,"column":2},"end":{"line":49,"column":2}}},"4":{"name":"callOptionalReturn","line":51,"loc":{"start":{"line":51,"column":2},"end":{"line":63,"column":2}}}},"statementMap":{"1":{"start":{"line":27,"column":4},"end":{"line":27,"column":88}},"2":{"start":{"line":36,"column":4},"end":{"line":36,"column":98}},"3":{"start":{"line":44,"column":4},"end":{"line":44,"column":1227}},"4":{"start":{"line":48,"column":4},"end":{"line":48,"column":92}},"5":{"start":{"line":52,"column":4},"end":{"line":52,"column":74}},"6":{"start":{"line":55,"column":4},"end":{"line":55,"column":71}},"7":{"start":{"line":56,"column":4},"end":{"line":56,"column":55}},"8":{"start":{"line":58,"column":4},"end":{"line":58,"column":1818}},"9":{"start":{"line":61,"column":6},"end":{"line":61,"column":90}}},"branchMap":{"1":{"line":44,"type":"if","locations":[{"start":{"line":44,"column":4},"end":{"line":44,"column":4}},{"start":{"line":44,"column":4},"end":{"line":44,"column":4}}]},"2":{"line":52,"type":"if","locations":[{"start":{"line":52,"column":4},"end":{"line":52,"column":4}},{"start":{"line":52,"column":4},"end":{"line":52,"column":4}}]},"3":{"line":56,"type":"if","locations":[{"start":{"line":56,"column":4},"end":{"line":56,"column":4}},{"start":{"line":56,"column":4},"end":{"line":56,"column":4}}]},"4":{"line":58,"type":"if","locations":[{"start":{"line":58,"column":4},"end":{"line":58,"column":4}},{"start":{"line":58,"column":4},"end":{"line":58,"column":4}}]},"5":{"line":61,"type":"if","locations":[{"start":{"line":61,"column":6},"end":{"line":61,"column":6}},{"start":{"line":61,"column":6},"end":{"line":61,"column":6}}]}}},"contracts/dependencies/openzeppelin/contracts/SafeMath.sol":{"l":{"28":3363,"29":3363,"31":3363,"44":1517,"61":1717,"62":1717,"64":1717,"80":3268,"81":473,"84":2795,"85":2795,"87":2795,"102":346,"122":346,"123":346,"126":346,"141":0,"160":0,"161":0},"path":"/Users/lock/defi/accu-finance/protocol-v1/contracts/dependencies/openzeppelin/contracts/SafeMath.sol","s":{"1":3363,"2":3363,"3":3363,"4":1517,"5":1717,"6":1717,"7":1717,"8":3268,"9":473,"10":2795,"11":2795,"12":2795,"13":346,"14":346,"15":346,"16":346,"17":0,"18":0,"19":0},"b":{"1":[3363,0],"2":[1717,0],"3":[473,2795],"4":[2795,0],"5":[346,0],"6":[0,0]},"f":{"1":3363,"2":1517,"3":1717,"4":3268,"5":346,"6":346,"7":0,"8":0},"fnMap":{"1":{"name":"add","line":27,"loc":{"start":{"line":27,"column":2},"end":{"line":32,"column":2}}},"2":{"name":"sub","line":43,"loc":{"start":{"line":43,"column":2},"end":{"line":45,"column":2}}},"3":{"name":"sub","line":56,"loc":{"start":{"line":56,"column":2},"end":{"line":65,"column":2}}},"4":{"name":"mul","line":76,"loc":{"start":{"line":76,"column":2},"end":{"line":88,"column":2}}},"5":{"name":"div","line":101,"loc":{"start":{"line":101,"column":2},"end":{"line":103,"column":2}}},"6":{"name":"div","line":116,"loc":{"start":{"line":116,"column":2},"end":{"line":127,"column":2}}},"7":{"name":"mod","line":140,"loc":{"start":{"line":140,"column":2},"end":{"line":142,"column":2}}},"8":{"name":"mod","line":155,"loc":{"start":{"line":155,"column":2},"end":{"line":162,"column":2}}}},"statementMap":{"1":{"start":{"line":28,"column":4},"end":{"line":28,"column":21}},"2":{"start":{"line":29,"column":4},"end":{"line":29,"column":49}},"3":{"start":{"line":31,"column":4},"end":{"line":31,"column":12}},"4":{"start":{"line":44,"column":4},"end":{"line":44,"column":54}},"5":{"start":{"line":61,"column":4},"end":{"line":61,"column":32}},"6":{"start":{"line":62,"column":4},"end":{"line":62,"column":21}},"7":{"start":{"line":64,"column":4},"end":{"line":64,"column":12}},"8":{"start":{"line":80,"column":4},"end":{"line":80,"column":2342}},"9":{"start":{"line":81,"column":6},"end":{"line":81,"column":14}},"10":{"start":{"line":84,"column":4},"end":{"line":84,"column":21}},"11":{"start":{"line":85,"column":4},"end":{"line":85,"column":59}},"12":{"start":{"line":87,"column":4},"end":{"line":87,"column":12}},"13":{"start":{"line":102,"column":4},"end":{"line":102,"column":50}},"14":{"start":{"line":122,"column":4},"end":{"line":122,"column":31}},"15":{"start":{"line":123,"column":4},"end":{"line":123,"column":21}},"16":{"start":{"line":126,"column":4},"end":{"line":126,"column":12}},"17":{"start":{"line":141,"column":4},"end":{"line":141,"column":48}},"18":{"start":{"line":160,"column":4},"end":{"line":160,"column":32}},"19":{"start":{"line":161,"column":4},"end":{"line":161,"column":16}}},"branchMap":{"1":{"line":29,"type":"if","locations":[{"start":{"line":29,"column":4},"end":{"line":29,"column":4}},{"start":{"line":29,"column":4},"end":{"line":29,"column":4}}]},"2":{"line":61,"type":"if","locations":[{"start":{"line":61,"column":4},"end":{"line":61,"column":4}},{"start":{"line":61,"column":4},"end":{"line":61,"column":4}}]},"3":{"line":80,"type":"if","locations":[{"start":{"line":80,"column":4},"end":{"line":80,"column":4}},{"start":{"line":80,"column":4},"end":{"line":80,"column":4}}]},"4":{"line":85,"type":"if","locations":[{"start":{"line":85,"column":4},"end":{"line":85,"column":4}},{"start":{"line":85,"column":4},"end":{"line":85,"column":4}}]},"5":{"line":122,"type":"if","locations":[{"start":{"line":122,"column":4},"end":{"line":122,"column":4}},{"start":{"line":122,"column":4},"end":{"line":122,"column":4}}]},"6":{"line":160,"type":"if","locations":[{"start":{"line":160,"column":4},"end":{"line":160,"column":4}},{"start":{"line":160,"column":4},"end":{"line":160,"column":4}}]}}},"contracts/dependencies/openzeppelin/upgradeability/AdminUpgradeabilityProxy.sol":{"l":{"26":0,"27":0,"34":0},"path":"/Users/lock/defi/accu-finance/protocol-v1/contracts/dependencies/openzeppelin/upgradeability/AdminUpgradeabilityProxy.sol","s":{"1":0,"2":0,"3":0},"b":{},"f":{"1":0,"2":0},"fnMap":{"1":{"name":"constructor","line":25,"loc":{"start":{"line":21,"column":2},"end":{"line":28,"column":2}}},"2":{"name":"_willFallback","line":33,"loc":{"start":{"line":33,"column":2},"end":{"line":35,"column":2}}}},"statementMap":{"1":{"start":{"line":26,"column":4},"end":{"line":26,"column":79}},"2":{"start":{"line":27,"column":4},"end":{"line":27,"column":20}},"3":{"start":{"line":34,"column":4},"end":{"line":34,"column":47}}},"branchMap":{}},"contracts/dependencies/openzeppelin/upgradeability/BaseAdminUpgradeabilityProxy.sol":{"l":{"35":0,"36":0,"38":0,"46":0,"53":0,"62":0,"63":0,"64":0,"73":0,"86":0,"87":0,"88":0,"95":0,"97":0,"107":0,"109":0,"118":0,"119":0},"path":"/Users/lock/defi/accu-finance/protocol-v1/contracts/dependencies/openzeppelin/upgradeability/BaseAdminUpgradeabilityProxy.sol","s":{"1":0,"2":0,"3":0,"4":0,"5":0,"6":0,"7":0,"8":0,"9":0,"10":0,"11":0,"12":0,"13":0,"14":0,"15":0},"b":{"1":[0,0],"2":[0,0],"3":[0,0],"4":[0,0]},"f":{"1":0,"2":0,"3":0,"4":0,"5":0,"6":0,"7":0,"8":0,"9":0},"fnMap":{"1":{"name":"ifAdmin","line":34,"loc":{"start":{"line":34,"column":2},"end":{"line":40,"column":2}}},"2":{"name":"admin","line":45,"loc":{"start":{"line":45,"column":2},"end":{"line":47,"column":2}}},"3":{"name":"implementation","line":52,"loc":{"start":{"line":52,"column":2},"end":{"line":54,"column":2}}},"4":{"name":"changeAdmin","line":61,"loc":{"start":{"line":61,"column":2},"end":{"line":65,"column":2}}},"5":{"name":"upgradeTo","line":72,"loc":{"start":{"line":72,"column":2},"end":{"line":74,"column":2}}},"6":{"name":"upgradeToAndCall","line":85,"loc":{"start":{"line":85,"column":2},"end":{"line":89,"column":2}}},"7":{"name":"_admin","line":94,"loc":{"start":{"line":94,"column":2},"end":{"line":100,"column":2}}},"8":{"name":"_setAdmin","line":106,"loc":{"start":{"line":106,"column":2},"end":{"line":112,"column":2}}},"9":{"name":"_willFallback","line":117,"loc":{"start":{"line":117,"column":2},"end":{"line":120,"column":2}}}},"statementMap":{"1":{"start":{"line":35,"column":4},"end":{"line":35,"column":1284}},"2":{"start":{"line":38,"column":6},"end":{"line":38,"column":16}},"3":{"start":{"line":46,"column":4},"end":{"line":46,"column":19}},"4":{"start":{"line":53,"column":4},"end":{"line":53,"column":28}},"5":{"start":{"line":62,"column":4},"end":{"line":62,"column":92}},"6":{"start":{"line":63,"column":4},"end":{"line":63,"column":41}},"7":{"start":{"line":64,"column":4},"end":{"line":64,"column":22}},"8":{"start":{"line":73,"column":4},"end":{"line":73,"column":32}},"9":{"start":{"line":86,"column":4},"end":{"line":86,"column":32}},"10":{"start":{"line":87,"column":4},"end":{"line":87,"column":59}},"11":{"start":{"line":88,"column":4},"end":{"line":88,"column":19}},"12":{"start":{"line":95,"column":4},"end":{"line":95,"column":29}},"13":{"start":{"line":107,"column":4},"end":{"line":107,"column":29}},"14":{"start":{"line":118,"column":4},"end":{"line":118,"column":88}},"15":{"start":{"line":119,"column":4},"end":{"line":119,"column":24}}},"branchMap":{"1":{"line":35,"type":"if","locations":[{"start":{"line":35,"column":4},"end":{"line":35,"column":4}},{"start":{"line":35,"column":4},"end":{"line":35,"column":4}}]},"2":{"line":62,"type":"if","locations":[{"start":{"line":62,"column":4},"end":{"line":62,"column":4}},{"start":{"line":62,"column":4},"end":{"line":62,"column":4}}]},"3":{"line":88,"type":"if","locations":[{"start":{"line":88,"column":4},"end":{"line":88,"column":4}},{"start":{"line":88,"column":4},"end":{"line":88,"column":4}}]},"4":{"line":118,"type":"if","locations":[{"start":{"line":118,"column":4},"end":{"line":118,"column":4}},{"start":{"line":118,"column":4},"end":{"line":118,"column":4}}]}}},"contracts/dependencies/openzeppelin/upgradeability/BaseUpgradeabilityProxy.sol":{"l":{"32":7772,"34":7772,"44":0,"45":0,"53":36,"55":36,"58":36},"path":"/Users/lock/defi/accu-finance/protocol-v1/contracts/dependencies/openzeppelin/upgradeability/BaseUpgradeabilityProxy.sol","s":{"1":7772,"2":0,"3":0,"4":36,"5":36},"b":{"1":[36,0]},"f":{"1":7772,"2":0,"3":36},"fnMap":{"1":{"name":"_implementation","line":31,"loc":{"start":{"line":31,"column":2},"end":{"line":37,"column":2}}},"2":{"name":"_upgradeTo","line":43,"loc":{"start":{"line":43,"column":2},"end":{"line":46,"column":2}}},"3":{"name":"_setImplementation","line":52,"loc":{"start":{"line":52,"column":2},"end":{"line":61,"column":2}}}},"statementMap":{"1":{"start":{"line":32,"column":4},"end":{"line":32,"column":38}},"2":{"start":{"line":44,"column":4},"end":{"line":44,"column":40}},"3":{"start":{"line":45,"column":4},"end":{"line":45,"column":36}},"4":{"start":{"line":53,"column":4},"end":{"line":53,"column":112}},"5":{"start":{"line":55,"column":4},"end":{"line":55,"column":38}}},"branchMap":{"1":{"line":53,"type":"if","locations":[{"start":{"line":53,"column":4},"end":{"line":53,"column":4}},{"start":{"line":53,"column":4},"end":{"line":53,"column":4}}]}}},"contracts/dependencies/openzeppelin/upgradeability/Initializable.sol":{"l":{"31":0,"33":0,"34":0,"35":0,"36":0,"39":0,"41":0,"42":0,"53":0,"55":0,"58":0},"path":"/Users/lock/defi/accu-finance/protocol-v1/contracts/dependencies/openzeppelin/upgradeability/Initializable.sol","s":{"1":0,"2":0,"3":0,"4":0,"5":0,"6":0,"7":0,"8":0,"9":0},"b":{"1":[0,0],"2":[0,0],"3":[0,0]},"f":{"1":0,"2":0},"fnMap":{"1":{"name":"initializer","line":30,"loc":{"start":{"line":30,"column":2},"end":{"line":44,"column":2}}},"2":{"name":"isConstructor","line":47,"loc":{"start":{"line":47,"column":2},"end":{"line":59,"column":2}}}},"statementMap":{"1":{"start":{"line":31,"column":4},"end":{"line":31,"column":109}},"2":{"start":{"line":33,"column":4},"end":{"line":33,"column":39}},"3":{"start":{"line":34,"column":4},"end":{"line":34,"column":1201}},"4":{"start":{"line":35,"column":6},"end":{"line":35,"column":24}},"5":{"start":{"line":36,"column":6},"end":{"line":36,"column":23}},"6":{"start":{"line":41,"column":4},"end":{"line":41,"column":1295}},"7":{"start":{"line":42,"column":6},"end":{"line":42,"column":25}},"8":{"start":{"line":53,"column":4},"end":{"line":53,"column":14}},"9":{"start":{"line":58,"column":4},"end":{"line":58,"column":18}}},"branchMap":{"1":{"line":31,"type":"if","locations":[{"start":{"line":31,"column":4},"end":{"line":31,"column":4}},{"start":{"line":31,"column":4},"end":{"line":31,"column":4}}]},"2":{"line":34,"type":"if","locations":[{"start":{"line":34,"column":4},"end":{"line":34,"column":4}},{"start":{"line":34,"column":4},"end":{"line":34,"column":4}}]},"3":{"line":41,"type":"if","locations":[{"start":{"line":41,"column":4},"end":{"line":41,"column":4}},{"start":{"line":41,"column":4},"end":{"line":41,"column":4}}]}}},"contracts/dependencies/openzeppelin/upgradeability/InitializableAdminUpgradeabilityProxy.sol":{"l":{"27":0,"28":0,"29":0,"30":0,"37":0},"path":"/Users/lock/defi/accu-finance/protocol-v1/contracts/dependencies/openzeppelin/upgradeability/InitializableAdminUpgradeabilityProxy.sol","s":{"1":0,"2":0,"3":0,"4":0,"5":0},"b":{"1":[0,0]},"f":{"1":0,"2":0},"fnMap":{"1":{"name":"initialize","line":22,"loc":{"start":{"line":22,"column":2},"end":{"line":31,"column":2}}},"2":{"name":"_willFallback","line":36,"loc":{"start":{"line":36,"column":2},"end":{"line":38,"column":2}}}},"statementMap":{"1":{"start":{"line":27,"column":4},"end":{"line":27,"column":43}},"2":{"start":{"line":28,"column":4},"end":{"line":28,"column":59}},"3":{"start":{"line":29,"column":4},"end":{"line":29,"column":79}},"4":{"start":{"line":30,"column":4},"end":{"line":30,"column":19}},"5":{"start":{"line":37,"column":4},"end":{"line":37,"column":47}}},"branchMap":{"1":{"line":27,"type":"if","locations":[{"start":{"line":27,"column":4},"end":{"line":27,"column":4}},{"start":{"line":27,"column":4},"end":{"line":27,"column":4}}]}}},"contracts/dependencies/openzeppelin/upgradeability/InitializableUpgradeabilityProxy.sol":{"l":{"21":36,"22":36,"23":36,"24":36,"25":36,"26":36},"path":"/Users/lock/defi/accu-finance/protocol-v1/contracts/dependencies/openzeppelin/upgradeability/InitializableUpgradeabilityProxy.sol","s":{"1":36,"2":36,"3":36,"4":36,"5":36,"6":36},"b":{"1":[36,0],"2":[36,0],"3":[36,0]},"f":{"1":36},"fnMap":{"1":{"name":"initialize","line":20,"loc":{"start":{"line":20,"column":2},"end":{"line":28,"column":2}}}},"statementMap":{"1":{"start":{"line":21,"column":4},"end":{"line":21,"column":43}},"2":{"start":{"line":22,"column":4},"end":{"line":22,"column":97}},"3":{"start":{"line":23,"column":4},"end":{"line":23,"column":29}},"4":{"start":{"line":24,"column":4},"end":{"line":24,"column":1119}},"5":{"start":{"line":25,"column":6},"end":{"line":25,"column":51}},"6":{"start":{"line":26,"column":6},"end":{"line":26,"column":21}}},"branchMap":{"1":{"line":21,"type":"if","locations":[{"start":{"line":21,"column":4},"end":{"line":21,"column":4}},{"start":{"line":21,"column":4},"end":{"line":21,"column":4}}]},"2":{"line":24,"type":"if","locations":[{"start":{"line":24,"column":4},"end":{"line":24,"column":4}},{"start":{"line":24,"column":4},"end":{"line":24,"column":4}}]},"3":{"line":26,"type":"if","locations":[{"start":{"line":26,"column":6},"end":{"line":26,"column":6}},{"start":{"line":26,"column":6},"end":{"line":26,"column":6}}]}}},"contracts/dependencies/openzeppelin/upgradeability/Proxy.sol":{"l":{"17":7736,"33":7736,"69":7736,"70":7736},"path":"/Users/lock/defi/accu-finance/protocol-v1/contracts/dependencies/openzeppelin/upgradeability/Proxy.sol","s":{"1":7736,"2":7736,"3":7736},"b":{},"f":{"1":7736,"2":7736,"3":7736,"4":7736},"fnMap":{"1":{"name":null,"line":16,"loc":{"start":{"line":16,"column":2},"end":{"line":18,"column":2}}},"2":{"name":"_delegate","line":31,"loc":{"start":{"line":31,"column":2},"end":{"line":55,"column":2}}},"3":{"name":"_willFallback","line":62,"loc":{"start":{"line":62,"column":2},"end":{"line":62,"column":45}}},"4":{"name":"_fallback","line":68,"loc":{"start":{"line":68,"column":2},"end":{"line":71,"column":2}}}},"statementMap":{"1":{"start":{"line":17,"column":4},"end":{"line":17,"column":14}},"2":{"start":{"line":69,"column":4},"end":{"line":69,"column":18}},"3":{"start":{"line":70,"column":4},"end":{"line":70,"column":31}}},"branchMap":{}},"contracts/dependencies/openzeppelin/upgradeability/UpgradeabilityProxy.sol":{"l":{"21":0,"22":0,"23":0,"24":0,"25":0},"path":"/Users/lock/defi/accu-finance/protocol-v1/contracts/dependencies/openzeppelin/upgradeability/UpgradeabilityProxy.sol","s":{"1":0,"2":0,"3":0,"4":0,"5":0},"b":{"1":[0,0],"2":[0,0]},"f":{"1":0},"fnMap":{"1":{"name":"constructor","line":20,"loc":{"start":{"line":20,"column":2},"end":{"line":27,"column":2}}}},"statementMap":{"1":{"start":{"line":21,"column":4},"end":{"line":21,"column":97}},"2":{"start":{"line":22,"column":4},"end":{"line":22,"column":29}},"3":{"start":{"line":23,"column":4},"end":{"line":23,"column":1038}},"4":{"start":{"line":24,"column":6},"end":{"line":24,"column":51}},"5":{"start":{"line":25,"column":6},"end":{"line":25,"column":21}}},"branchMap":{"1":{"line":23,"type":"if","locations":[{"start":{"line":23,"column":4},"end":{"line":23,"column":4}},{"start":{"line":23,"column":4},"end":{"line":23,"column":4}}]},"2":{"line":25,"type":"if","locations":[{"start":{"line":25,"column":6},"end":{"line":25,"column":6}},{"start":{"line":25,"column":6},"end":{"line":25,"column":6}}]}}},"contracts/deployments/ATokensAndRatesHelper.sol":{"l":{"42":0,"43":0,"44":0,"48":0,"49":0,"67":0,"68":0,"69":0,"76":0,"80":0},"path":"/Users/lock/defi/accu-finance/protocol-v1/contracts/deployments/ATokensAndRatesHelper.sol","s":{"1":0,"2":0,"3":0,"4":0,"5":0,"6":0,"7":0,"8":0,"9":0,"10":0},"b":{},"f":{"1":0,"2":0,"3":0},"fnMap":{"1":{"name":"constructor","line":37,"loc":{"start":{"line":37,"column":2},"end":{"line":45,"column":2}}},"2":{"name":"initDeployment","line":47,"loc":{"start":{"line":47,"column":2},"end":{"line":64,"column":2}}},"3":{"name":"configureReserves","line":66,"loc":{"start":{"line":66,"column":2},"end":{"line":82,"column":2}}}},"statementMap":{"1":{"start":{"line":42,"column":4},"end":{"line":42,"column":15}},"2":{"start":{"line":43,"column":4},"end":{"line":43,"column":37}},"3":{"start":{"line":44,"column":4},"end":{"line":44,"column":39}},"4":{"start":{"line":48,"column":4},"end":{"line":48,"column":1448}},"5":{"start":{"line":49,"column":6},"end":{"line":49,"column":1508}},"6":{"start":{"line":67,"column":4},"end":{"line":67,"column":84}},"7":{"start":{"line":68,"column":4},"end":{"line":68,"column":2122}},"8":{"start":{"line":69,"column":6},"end":{"line":69,"column":2181}},"9":{"start":{"line":76,"column":6},"end":{"line":76,"column":2387}},"10":{"start":{"line":80,"column":6},"end":{"line":80,"column":86}}},"branchMap":{}},"contracts/deployments/StableAndVariableTokensHelper.sol":{"l":{"17":0,"18":0,"22":0,"23":0,"24":0,"25":0,"34":0,"36":0,"38":0,"43":0,"44":0,"45":0},"path":"/Users/lock/defi/accu-finance/protocol-v1/contracts/deployments/StableAndVariableTokensHelper.sol","s":{"1":0,"2":0,"3":0,"4":0,"5":0,"6":0,"7":0,"8":0,"9":0,"10":0,"11":0,"12":0},"b":{"1":[0,0],"2":[0,0],"3":[0,0],"4":[0,0],"5":[0,0]},"f":{"1":0,"2":0,"3":0,"4":0},"fnMap":{"1":{"name":"constructor","line":16,"loc":{"start":{"line":16,"column":2},"end":{"line":19,"column":2}}},"2":{"name":"initDeployment","line":21,"loc":{"start":{"line":21,"column":2},"end":{"line":27,"column":2}}},"3":{"name":"setOracleBorrowRates","line":33,"loc":{"start":{"line":29,"column":2},"end":{"line":40,"column":2}}},"4":{"name":"setOracleOwnership","line":42,"loc":{"start":{"line":42,"column":2},"end":{"line":46,"column":2}}}},"statementMap":{"1":{"start":{"line":17,"column":4},"end":{"line":17,"column":15}},"2":{"start":{"line":18,"column":4},"end":{"line":18,"column":37}},"3":{"start":{"line":22,"column":4},"end":{"line":22,"column":69}},"4":{"start":{"line":23,"column":4},"end":{"line":23,"column":62}},"5":{"start":{"line":24,"column":4},"end":{"line":24,"column":1022}},"6":{"start":{"line":25,"column":6},"end":{"line":25,"column":94}},"7":{"start":{"line":34,"column":4},"end":{"line":34,"column":67}},"8":{"start":{"line":36,"column":4},"end":{"line":36,"column":1388}},"9":{"start":{"line":38,"column":6},"end":{"line":38,"column":71}},"10":{"start":{"line":43,"column":4},"end":{"line":43,"column":56}},"11":{"start":{"line":44,"column":4},"end":{"line":44,"column":85}},"12":{"start":{"line":45,"column":4},"end":{"line":45,"column":53}}},"branchMap":{"1":{"line":22,"type":"if","locations":[{"start":{"line":22,"column":4},"end":{"line":22,"column":4}},{"start":{"line":22,"column":4},"end":{"line":22,"column":4}}]},"2":{"line":23,"type":"if","locations":[{"start":{"line":23,"column":4},"end":{"line":23,"column":4}},{"start":{"line":23,"column":4},"end":{"line":23,"column":4}}]},"3":{"line":34,"type":"if","locations":[{"start":{"line":34,"column":4},"end":{"line":34,"column":4}},{"start":{"line":34,"column":4},"end":{"line":34,"column":4}}]},"4":{"line":43,"type":"if","locations":[{"start":{"line":43,"column":4},"end":{"line":43,"column":4}},{"start":{"line":43,"column":4},"end":{"line":43,"column":4}}]},"5":{"line":44,"type":"if","locations":[{"start":{"line":44,"column":4},"end":{"line":44,"column":4}},{"start":{"line":44,"column":4},"end":{"line":44,"column":4}}]}}},"contracts/deployments/StringLib.sol":{"l":{"6":0},"path":"/Users/lock/defi/accu-finance/protocol-v1/contracts/deployments/StringLib.sol","s":{"1":0},"b":{},"f":{"1":0},"fnMap":{"1":{"name":"concat","line":5,"loc":{"start":{"line":5,"column":2},"end":{"line":7,"column":2}}}},"statementMap":{"1":{"start":{"line":6,"column":4},"end":{"line":6,"column":41}}},"branchMap":{}},"contracts/flashloan/base/FlashLoanReceiverBase.sol":{"l":{"19":12,"20":12},"path":"/Users/lock/defi/accu-finance/protocol-v1/contracts/flashloan/base/FlashLoanReceiverBase.sol","s":{"1":12,"2":12},"b":{},"f":{"1":12},"fnMap":{"1":{"name":"constructor","line":18,"loc":{"start":{"line":18,"column":2},"end":{"line":21,"column":2}}}},"statementMap":{"1":{"start":{"line":19,"column":4},"end":{"line":19,"column":32}},"2":{"start":{"line":20,"column":4},"end":{"line":20,"column":57}}},"branchMap":{}},"contracts/flashloan/interfaces/IFlashLoanReceiver.sol":{"l":{},"path":"/Users/lock/defi/accu-finance/protocol-v1/contracts/flashloan/interfaces/IFlashLoanReceiver.sol","s":{},"b":{},"f":{},"fnMap":{},"statementMap":{},"branchMap":{}},"contracts/misc/AppDataProvider.sol":{"l":{"30":3,"43":0,"61":0,"62":0,"63":0,"64":0,"66":0,"67":0,"69":0,"70":0,"71":0,"74":0,"75":0,"76":0,"77":0,"78":0,"79":0,"80":0,"81":0,"82":0,"83":0,"84":0,"85":0,"87":0,"88":0,"94":0,"96":0,"99":0,"106":0,"112":0,"113":0,"120":0,"122":0,"123":0,"124":0,"125":0,"126":0,"127":0,"129":0,"130":0,"131":0,"133":0,"134":0,"136":0,"137":0,"138":0,"140":0,"146":0,"159":0,"160":0,"161":0,"162":0,"164":0,"165":0,"166":0,"168":0,"169":0,"170":0,"171":0,"175":0,"178":0,"179":0,"180":0,"181":0,"182":0,"183":0,"184":0,"185":0,"186":0,"187":0,"188":0,"189":0,"191":0,"192":0,"198":0,"199":0,"202":0,"209":0,"215":0,"216":0,"223":0,"225":0,"226":0,"227":0,"228":0,"229":0,"230":0,"232":0,"233":0,"234":0,"237":0,"238":0,"241":0,"242":0,"243":0,"246":0,"252":0,"269":0,"270":0,"272":0,"281":0,"283":0},"path":"/Users/lock/defi/accu-finance/protocol-v1/contracts/misc/AppDataProvider.sol","s":{"1":3,"2":0,"3":0,"4":0,"5":0,"6":0,"7":0,"8":0,"9":0,"10":0,"11":0,"12":0,"13":0,"14":0,"15":0,"16":0,"17":0,"18":0,"19":0,"20":0,"21":0,"22":0,"23":0,"24":0,"25":0,"26":0,"27":0,"28":0,"29":0,"30":0,"31":0,"32":0,"33":0,"34":0,"35":0,"36":0,"37":0,"38":0,"39":0,"40":0,"41":0,"42":0,"43":0,"44":0,"45":0,"46":0,"47":0,"48":0,"49":0,"50":0,"51":0,"52":0,"53":0,"54":0,"55":0,"56":0,"57":0,"58":0,"59":0,"60":0,"61":0,"62":0,"63":0,"64":0,"65":0,"66":0,"67":0,"68":0,"69":0,"70":0,"71":0,"72":0,"73":0,"74":0,"75":0,"76":0,"77":0,"78":0,"79":0,"80":0,"81":0,"82":0,"83":0,"84":0,"85":0,"86":0,"87":0,"88":0,"89":0,"90":0,"91":0,"92":0,"93":0,"94":0,"95":0,"96":0,"97":0,"98":0,"99":0,"100":0,"101":0},"b":{"1":[0,0],"2":[0,0],"3":[0,0],"4":[0,0],"5":[0,0],"6":[0,0],"7":[0,0]},"f":{"1":3,"2":0,"3":0,"4":0,"5":0},"fnMap":{"1":{"name":"constructor","line":29,"loc":{"start":{"line":29,"column":2},"end":{"line":31,"column":2}}},"2":{"name":"getInterestRateStrategySlopes","line":33,"loc":{"start":{"line":33,"column":2},"end":{"line":49,"column":2}}},"3":{"name":"getReservesData","line":51,"loc":{"start":{"line":51,"column":2},"end":{"line":147,"column":2}}},"4":{"name":"getReserveData","line":149,"loc":{"start":{"line":149,"column":2},"end":{"line":253,"column":2}}},"5":{"name":"getUserAccountData","line":255,"loc":{"start":{"line":255,"column":2},"end":{"line":292,"column":2}}}},"statementMap":{"1":{"start":{"line":30,"column":4},"end":{"line":30,"column":39}},"2":{"start":{"line":43,"column":4},"end":{"line":43,"column":1845}},"3":{"start":{"line":61,"column":4},"end":{"line":61,"column":80}},"4":{"start":{"line":62,"column":4},"end":{"line":62,"column":87}},"5":{"start":{"line":63,"column":4},"end":{"line":63,"column":61}},"6":{"start":{"line":64,"column":4},"end":{"line":64,"column":93}},"7":{"start":{"line":66,"column":4},"end":{"line":66,"column":94}},"8":{"start":{"line":67,"column":4},"end":{"line":67,"column":111}},"9":{"start":{"line":69,"column":4},"end":{"line":69,"column":2784}},"10":{"start":{"line":70,"column":6},"end":{"line":70,"column":64}},"11":{"start":{"line":71,"column":6},"end":{"line":71,"column":46}},"12":{"start":{"line":74,"column":6},"end":{"line":74,"column":101}},"13":{"start":{"line":75,"column":6},"end":{"line":75,"column":57}},"14":{"start":{"line":76,"column":6},"end":{"line":76,"column":67}},"15":{"start":{"line":77,"column":6},"end":{"line":77,"column":62}},"16":{"start":{"line":78,"column":6},"end":{"line":78,"column":72}},"17":{"start":{"line":79,"column":6},"end":{"line":79,"column":68}},"18":{"start":{"line":80,"column":6},"end":{"line":80,"column":67}},"19":{"start":{"line":81,"column":6},"end":{"line":81,"column":55}},"20":{"start":{"line":82,"column":6},"end":{"line":82,"column":73}},"21":{"start":{"line":83,"column":6},"end":{"line":83,"column":77}},"22":{"start":{"line":84,"column":6},"end":{"line":84,"column":83}},"23":{"start":{"line":85,"column":6},"end":{"line":85,"column":90}},"24":{"start":{"line":87,"column":6},"end":{"line":87,"column":118}},"25":{"start":{"line":88,"column":6},"end":{"line":88,"column":4087}},"26":{"start":{"line":94,"column":6},"end":{"line":94,"column":4297}},"27":{"start":{"line":96,"column":6},"end":{"line":96,"column":103}},"28":{"start":{"line":99,"column":6},"end":{"line":99,"column":4588}},"29":{"start":{"line":106,"column":6},"end":{"line":106,"column":4846}},"30":{"start":{"line":112,"column":6},"end":{"line":112,"column":80}},"31":{"start":{"line":113,"column":6},"end":{"line":113,"column":5197}},"32":{"start":{"line":120,"column":6},"end":{"line":120,"column":5370}},"33":{"start":{"line":122,"column":8},"end":{"line":122,"column":72}},"34":{"start":{"line":123,"column":8},"end":{"line":123,"column":94}},"35":{"start":{"line":124,"column":8},"end":{"line":124,"column":92}},"36":{"start":{"line":125,"column":8},"end":{"line":125,"column":105}},"37":{"start":{"line":126,"column":8},"end":{"line":126,"column":93}},"38":{"start":{"line":127,"column":8},"end":{"line":127,"column":66}},"39":{"start":{"line":129,"column":8},"end":{"line":129,"column":5976}},"40":{"start":{"line":130,"column":10},"end":{"line":130,"column":84}},"41":{"start":{"line":131,"column":10},"end":{"line":131,"column":6131}},"42":{"start":{"line":133,"column":10},"end":{"line":133,"column":111}},"43":{"start":{"line":134,"column":10},"end":{"line":134,"column":6392}},"44":{"start":{"line":136,"column":10},"end":{"line":136,"column":107}},"45":{"start":{"line":137,"column":10},"end":{"line":137,"column":6620}},"46":{"start":{"line":138,"column":12},"end":{"line":138,"column":6711}},"47":{"start":{"line":140,"column":12},"end":{"line":140,"column":6856}},"48":{"start":{"line":146,"column":4},"end":{"line":146,"column":83}},"49":{"start":{"line":159,"column":4},"end":{"line":159,"column":80}},"50":{"start":{"line":160,"column":4},"end":{"line":160,"column":87}},"51":{"start":{"line":161,"column":4},"end":{"line":161,"column":61}},"52":{"start":{"line":162,"column":4},"end":{"line":162,"column":93}},"53":{"start":{"line":164,"column":4},"end":{"line":164,"column":44}},"54":{"start":{"line":165,"column":4},"end":{"line":165,"column":42}},"55":{"start":{"line":166,"column":4},"end":{"line":166,"column":17}},"56":{"start":{"line":168,"column":4},"end":{"line":168,"column":7744}},"57":{"start":{"line":169,"column":6},"end":{"line":169,"column":7800}},"58":{"start":{"line":170,"column":8},"end":{"line":170,"column":16}},"59":{"start":{"line":175,"column":4},"end":{"line":175,"column":48}},"60":{"start":{"line":178,"column":4},"end":{"line":178,"column":99}},"61":{"start":{"line":179,"column":4},"end":{"line":179,"column":55}},"62":{"start":{"line":180,"column":4},"end":{"line":180,"column":65}},"63":{"start":{"line":181,"column":4},"end":{"line":181,"column":60}},"64":{"start":{"line":182,"column":4},"end":{"line":182,"column":70}},"65":{"start":{"line":183,"column":4},"end":{"line":183,"column":66}},"66":{"start":{"line":184,"column":4},"end":{"line":184,"column":65}},"67":{"start":{"line":185,"column":4},"end":{"line":185,"column":53}},"68":{"start":{"line":186,"column":4},"end":{"line":186,"column":71}},"69":{"start":{"line":187,"column":4},"end":{"line":187,"column":75}},"70":{"start":{"line":188,"column":4},"end":{"line":188,"column":81}},"71":{"start":{"line":189,"column":4},"end":{"line":189,"column":88}},"72":{"start":{"line":191,"column":4},"end":{"line":191,"column":116}},"73":{"start":{"line":192,"column":4},"end":{"line":192,"column":9044}},"74":{"start":{"line":198,"column":4},"end":{"line":198,"column":117}},"75":{"start":{"line":199,"column":4},"end":{"line":199,"column":101}},"76":{"start":{"line":202,"column":4},"end":{"line":202,"column":9518}},"77":{"start":{"line":209,"column":4},"end":{"line":209,"column":9762}},"78":{"start":{"line":215,"column":4},"end":{"line":215,"column":78}},"79":{"start":{"line":216,"column":4},"end":{"line":216,"column":10099}},"80":{"start":{"line":223,"column":4},"end":{"line":223,"column":10260}},"81":{"start":{"line":225,"column":6},"end":{"line":225,"column":66}},"82":{"start":{"line":226,"column":6},"end":{"line":226,"column":88}},"83":{"start":{"line":227,"column":6},"end":{"line":227,"column":86}},"84":{"start":{"line":228,"column":6},"end":{"line":228,"column":99}},"85":{"start":{"line":229,"column":6},"end":{"line":229,"column":91}},"86":{"start":{"line":230,"column":6},"end":{"line":230,"column":64}},"87":{"start":{"line":232,"column":6},"end":{"line":232,"column":10834}},"88":{"start":{"line":233,"column":8},"end":{"line":233,"column":78}},"89":{"start":{"line":234,"column":8},"end":{"line":234,"column":10962}},"90":{"start":{"line":237,"column":8},"end":{"line":237,"column":105}},"91":{"start":{"line":238,"column":8},"end":{"line":238,"column":11215}},"92":{"start":{"line":241,"column":8},"end":{"line":241,"column":101}},"93":{"start":{"line":242,"column":8},"end":{"line":242,"column":11464}},"94":{"start":{"line":243,"column":10},"end":{"line":243,"column":11524}},"95":{"start":{"line":246,"column":10},"end":{"line":246,"column":11697}},"96":{"start":{"line":252,"column":4},"end":{"line":252,"column":81}},"97":{"start":{"line":269,"column":4},"end":{"line":269,"column":80}},"98":{"start":{"line":270,"column":4},"end":{"line":270,"column":87}},"99":{"start":{"line":272,"column":4},"end":{"line":272,"column":12487}},"100":{"start":{"line":281,"column":4},"end":{"line":281,"column":52}},"101":{"start":{"line":283,"column":4},"end":{"line":283,"column":12735}}},"branchMap":{"1":{"line":120,"type":"if","locations":[{"start":{"line":120,"column":6},"end":{"line":120,"column":6}},{"start":{"line":120,"column":6},"end":{"line":120,"column":6}}]},"2":{"line":129,"type":"if","locations":[{"start":{"line":129,"column":8},"end":{"line":129,"column":8}},{"start":{"line":129,"column":8},"end":{"line":129,"column":8}}]},"3":{"line":137,"type":"if","locations":[{"start":{"line":137,"column":10},"end":{"line":137,"column":10}},{"start":{"line":137,"column":10},"end":{"line":137,"column":10}}]},"4":{"line":169,"type":"if","locations":[{"start":{"line":169,"column":6},"end":{"line":169,"column":6}},{"start":{"line":169,"column":6},"end":{"line":169,"column":6}}]},"5":{"line":223,"type":"if","locations":[{"start":{"line":223,"column":4},"end":{"line":223,"column":4}},{"start":{"line":223,"column":4},"end":{"line":223,"column":4}}]},"6":{"line":232,"type":"if","locations":[{"start":{"line":232,"column":6},"end":{"line":232,"column":6}},{"start":{"line":232,"column":6},"end":{"line":232,"column":6}}]},"7":{"line":242,"type":"if","locations":[{"start":{"line":242,"column":8},"end":{"line":242,"column":8}},{"start":{"line":242,"column":8},"end":{"line":242,"column":8}}]}}},"contracts/misc/interfaces/IAppDataProvider.sol":{"l":{},"path":"/Users/lock/defi/accu-finance/protocol-v1/contracts/misc/interfaces/IAppDataProvider.sol","s":{},"b":{},"f":{},"fnMap":{},"statementMap":{},"branchMap":{}},"contracts/misc/interfaces/IERC20DetailedBytes.sol":{"l":{},"path":"/Users/lock/defi/accu-finance/protocol-v1/contracts/misc/interfaces/IERC20DetailedBytes.sol","s":{},"b":{},"f":{},"fnMap":{},"statementMap":{},"branchMap":{}},"contracts/misc/interfaces/IUniswapV2Router01.sol":{"l":{},"path":"/Users/lock/defi/accu-finance/protocol-v1/contracts/misc/interfaces/IUniswapV2Router01.sol","s":{},"b":{},"f":{},"fnMap":{},"statementMap":{},"branchMap":{}},"contracts/misc/interfaces/IWBNB.sol":{"l":{},"path":"/Users/lock/defi/accu-finance/protocol-v1/contracts/misc/interfaces/IWBNB.sol","s":{},"b":{},"f":{},"fnMap":{},"statementMap":{},"branchMap":{}},"contracts/misc/interfaces/IWBNBGateway.sol":{"l":{},"path":"/Users/lock/defi/accu-finance/protocol-v1/contracts/misc/interfaces/IWBNBGateway.sol","s":{},"b":{},"f":{},"fnMap":{},"statementMap":{},"branchMap":{}},"contracts/misc/interfaces/IWETH.sol":{"l":{},"path":"/Users/lock/defi/accu-finance/protocol-v1/contracts/misc/interfaces/IWETH.sol","s":{},"b":{},"f":{},"fnMap":{},"statementMap":{},"branchMap":{}},"contracts/misc/interfaces/IWETHGateway.sol":{"l":{},"path":"/Users/lock/defi/accu-finance/protocol-v1/contracts/misc/interfaces/IWETHGateway.sol","s":{},"b":{},"f":{},"fnMap":{},"statementMap":{},"branchMap":{}},"contracts/misc/ProtocolDataProvider.sol":{"l":{"27":3,"31":0,"32":0,"33":0,"34":0,"35":0,"37":0,"41":0,"42":0,"43":0,"44":0,"45":0,"46":0,"51":0,"70":269,"73":269,"75":269,"77":269,"96":259,"98":259,"125":258,"126":258,"130":258,"156":264,"158":264,"161":264,"162":264,"163":264,"164":264,"165":264,"166":264,"167":264,"168":264,"169":264,"181":0,"183":0},"path":"/Users/lock/defi/accu-finance/protocol-v1/contracts/misc/ProtocolDataProvider.sol","s":{"1":3,"2":0,"3":0,"4":0,"5":0,"6":0,"7":0,"8":0,"9":0,"10":0,"11":0,"12":0,"13":0,"14":0,"15":269,"16":269,"17":269,"18":269,"19":259,"20":259,"21":258,"22":258,"23":258,"24":264,"25":264,"26":264,"27":264,"28":264,"29":264,"30":264,"31":264,"32":264,"33":264,"34":264,"35":0,"36":0},"b":{},"f":{"1":3,"2":0,"3":0,"4":269,"5":259,"6":258,"7":264,"8":0},"fnMap":{"1":{"name":"constructor","line":26,"loc":{"start":{"line":26,"column":2},"end":{"line":28,"column":2}}},"2":{"name":"getAllAssetTokens","line":30,"loc":{"start":{"line":30,"column":2},"end":{"line":38,"column":2}}},"3":{"name":"getAllATokens","line":40,"loc":{"start":{"line":40,"column":2},"end":{"line":52,"column":2}}},"4":{"name":"getReserveConfigurationData","line":54,"loc":{"start":{"line":54,"column":2},"end":{"line":78,"column":2}}},"5":{"name":"getReserveData","line":80,"loc":{"start":{"line":80,"column":2},"end":{"line":110,"column":2}}},"6":{"name":"getDefaultReserveInterestRateStrategy","line":112,"loc":{"start":{"line":112,"column":2},"end":{"line":139,"column":2}}},"7":{"name":"getUserReserveData","line":141,"loc":{"start":{"line":141,"column":2},"end":{"line":170,"column":2}}},"8":{"name":"getReserveTokenAddresses","line":172,"loc":{"start":{"line":172,"column":2},"end":{"line":184,"column":2}}}},"statementMap":{"1":{"start":{"line":27,"column":4},"end":{"line":27,"column":39}},"2":{"start":{"line":31,"column":4},"end":{"line":31,"column":73}},"3":{"start":{"line":32,"column":4},"end":{"line":32,"column":54}},"4":{"start":{"line":33,"column":4},"end":{"line":33,"column":72}},"5":{"start":{"line":34,"column":4},"end":{"line":34,"column":1520}},"6":{"start":{"line":35,"column":6},"end":{"line":35,"column":109}},"7":{"start":{"line":37,"column":4},"end":{"line":37,"column":25}},"8":{"start":{"line":41,"column":4},"end":{"line":41,"column":73}},"9":{"start":{"line":42,"column":4},"end":{"line":42,"column":54}},"10":{"start":{"line":43,"column":4},"end":{"line":43,"column":65}},"11":{"start":{"line":44,"column":4},"end":{"line":44,"column":1992}},"12":{"start":{"line":45,"column":6},"end":{"line":45,"column":81}},"13":{"start":{"line":46,"column":6},"end":{"line":46,"column":2132}},"14":{"start":{"line":51,"column":4},"end":{"line":51,"column":18}},"15":{"start":{"line":70,"column":4},"end":{"line":70,"column":2724}},"16":{"start":{"line":73,"column":4},"end":{"line":73,"column":107}},"17":{"start":{"line":75,"column":4},"end":{"line":75,"column":99}},"18":{"start":{"line":77,"column":4},"end":{"line":77,"column":54}},"19":{"start":{"line":96,"column":4},"end":{"line":96,"column":114}},"20":{"start":{"line":98,"column":4},"end":{"line":98,"column":3653}},"21":{"start":{"line":125,"column":4},"end":{"line":125,"column":114}},"22":{"start":{"line":126,"column":4},"end":{"line":126,"column":4642}},"23":{"start":{"line":130,"column":4},"end":{"line":130,"column":4790}},"24":{"start":{"line":156,"column":4},"end":{"line":156,"column":114}},"25":{"start":{"line":158,"column":4},"end":{"line":158,"column":5724}},"26":{"start":{"line":161,"column":4},"end":{"line":161,"column":79}},"27":{"start":{"line":162,"column":4},"end":{"line":162,"column":89}},"28":{"start":{"line":163,"column":4},"end":{"line":163,"column":85}},"29":{"start":{"line":164,"column":4},"end":{"line":164,"column":98}},"30":{"start":{"line":165,"column":4},"end":{"line":165,"column":98}},"31":{"start":{"line":166,"column":4},"end":{"line":166,"column":47}},"32":{"start":{"line":167,"column":4},"end":{"line":167,"column":94}},"33":{"start":{"line":168,"column":4},"end":{"line":168,"column":100}},"34":{"start":{"line":169,"column":4},"end":{"line":169,"column":72}},"35":{"start":{"line":181,"column":4},"end":{"line":181,"column":114}},"36":{"start":{"line":183,"column":4},"end":{"line":183,"column":100}}},"branchMap":{}},"contracts/misc/WalletBalanceProvider.sol":{"l":{"35":0,"45":0,"46":0,"49":0,"51":0,"65":0,"67":0,"68":0,"69":0,"73":0,"84":0,"86":0,"87":0,"88":0,"89":0,"91":0,"93":0,"95":0,"96":0,"98":0,"100":0,"101":0,"102":0,"104":0,"106":0,"108":0},"path":"/Users/lock/defi/accu-finance/protocol-v1/contracts/misc/WalletBalanceProvider.sol","s":{"1":0,"2":0,"3":0,"4":0,"5":0,"6":0,"7":0,"8":0,"9":0,"10":0,"11":0,"12":0,"13":0,"14":0,"15":0,"16":0,"17":0,"18":0,"19":0,"20":0,"21":0,"22":0,"23":0,"24":0,"25":0},"b":{"1":[0,0],"2":[0,0],"3":[0,0],"4":[0,0]},"f":{"1":0,"2":0,"3":0},"fnMap":{"1":{"name":"balanceOf","line":44,"loc":{"start":{"line":44,"column":2},"end":{"line":52,"column":2}}},"2":{"name":"batchBalanceOf","line":60,"loc":{"start":{"line":60,"column":2},"end":{"line":74,"column":2}}},"3":{"name":"getUserWalletBalances","line":79,"loc":{"start":{"line":79,"column":2},"end":{"line":109,"column":2}}}},"statementMap":{"1":{"start":{"line":45,"column":4},"end":{"lin
[...]
"line":175,"type":"if","locations":[{"start":{"line":175,"column":6},"end":{"line":175,"column":6}},{"start":{"line":175,"column":6},"end":{"line":175,"column":6}}]},"5":{"line":182,"type":"if","locations":[{"start":{"line":182,"column":4},"end":{"line":182,"column":4}},{"start":{"line":182,"column":4},"end":{"line":182,"column":4}}]},"6":{"line":192,"type":"if","locations":[{"start":{"line":192,"column":4},"end":{"line":192,"column":4}},{"start":{"line":192,"column":4},"end":{"line":192,"column":4}}]},"7":{"line":198,"type":"if","locations":[{"start":{"line":198,"column":4},"end":{"line":198,"column":4}},{"start":{"line":198,"column":4},"end":{"line":198,"column":4}}]},"8":{"line":208,"type":"if","locations":[{"start":{"line":208,"column":4},"end":{"line":208,"column":4}},{"start":{"line":208,"column":4},"end":{"line":208,"column":4}}]},"9":{"line":218,"type":"if","locations":[{"start":{"line":218,"column":4},"end":{"line":218,"column":4}},{"start":{"line":218,"column":4},"end":{"line":218,"column":4}}]},"10":{"line":219,"type":"if","locations":[{"start":{"line":219,"column":4},"end":{"line":219,"column":4}},{"start":{"line":219,"column":4},"end":{"line":219,"column":4}}]}}},"contracts/protocol/tokenization/StableDebtToken.sol":{"l":{"50":11,"51":11,"52":11,"54":11,"55":11,"56":11,"58":11,"74":11,"82":259,"90":264,"99":264,"107":358,"108":358,"109":358,"110":302,"112":56,"113":56,"141":10,"143":10,"144":0,"147":10,"149":10,"150":10,"151":10,"153":10,"155":10,"160":10,"161":10,"164":10,"167":10,"173":10,"175":10,"177":10,"188":10,"197":10,"199":10,"200":10,"201":10,"202":10,"208":10,"209":4,"210":4,"212":6,"213":6,"214":6,"219":6,"220":0,"222":6,"226":10,"227":7,"228":7,"231":3,"234":10,"236":10,"237":0,"238":0,"239":0,"250":10,"251":10,"252":10,"255":10,"272":20,"274":20,"275":10,"279":10,"281":10,"298":393,"299":393,"306":135,"307":135,"314":279,"321":258,"330":264,"337":0,"344":0,"351":0,"358":0,"365":0,"372":20,"381":807,"383":807,"384":687,"387":120,"389":120,"403":10,"404":10,"406":10,"407":0,"422":10,"423":10,"425":10,"426":0},"path":"/Users/lock/defi/accu-finance/protocol-v1/contracts/protocol/tokenization/StableDebtToken.sol","s":{"1":11,"2":11,"3":11,"4":11,"5":11,"6":11,"7":11,"8":11,"9":259,"10":264,"11":264,"12":358,"13":358,"14":358,"15":302,"16":56,"17":56,"18":10,"19":10,"20":0,"21":10,"22":10,"23":10,"24":10,"25":10,"26":10,"27":10,"28":10,"29":10,"30":10,"31":10,"32":10,"33":10,"34":10,"35":10,"36":10,"37":10,"38":10,"39":10,"40":10,"41":4,"42":4,"43":6,"44":6,"45":6,"46":6,"47":0,"48":6,"49":10,"50":7,"51":7,"52":3,"53":10,"54":10,"55":0,"56":0,"57":0,"58":10,"59":10,"60":10,"61":10,"62":20,"63":20,"64":10,"65":10,"66":10,"67":393,"68":393,"69":135,"70":135,"71":279,"72":258,"73":264,"74":0,"75":0,"76":0,"77":0,"78":0,"79":20,"80":807,"81":807,"82":687,"83":120,"84":120,"85":10,"86":10,"87":10,"88":0,"89":10,"90":10,"91":10,"92":0},"b":{"1":[302,56],"2":[0,10],"3":[10,0],"4":[4,6],"5":[0,6],"6":[7,3],"7":[0,10],"8":[10,10],"9":[687,120],"10":[0,10],"11":[0,10]},"f":{"1":11,"2":11,"3":259,"4":264,"5":264,"6":358,"7":10,"8":10,"9":20,"10":393,"11":135,"12":279,"13":258,"14":264,"15":0,"16":0,"17":0,"18":0,"19":0,"20":20,"21":807,"22":10,"23":10},"fnMap":{"1":{"name":"initialize","line":49,"loc":{"start":{"line":41,"column":2},"end":{"line":67,"column":2}}},"2":{"name":"getRevision","line":73,"loc":{"start":{"line":73,"column":2},"end":{"line":75,"column":2}}},"3":{"name":"getAverageStableRate","line":81,"loc":{"start":{"line":81,"column":2},"end":{"line":83,"column":2}}},"4":{"name":"getUserLastUpdated","line":89,"loc":{"start":{"line":89,"column":2},"end":{"line":91,"column":2}}},"5":{"name":"getUserStableRate","line":98,"loc":{"start":{"line":98,"column":2},"end":{"line":100,"column":2}}},"6":{"name":"balanceOf","line":106,"loc":{"start":{"line":106,"column":2},"end":{"line":114,"column":2}}},"7":{"name":"mint","line":140,"loc":{"start":{"line":135,"column":2},"end":{"line":189,"column":2}}},"8":{"name":"burn","line":196,"loc":{"start":{"line":196,"column":2},"end":{"line":256,"column":2}}},"9":{"name":"_calculateBalanceIncrease","line":263,"loc":{"start":{"line":263,"column":2},"end":{"line":282,"column":2}}},"10":{"name":"getSupplyData","line":287,"loc":{"start":{"line":287,"column":2},"end":{"line":300,"column":2}}},"11":{"name":"getTotalSupplyAndAvgRate","line":305,"loc":{"start":{"line":305,"column":2},"end":{"line":308,"column":2}}},"12":{"name":"totalSupply","line":313,"loc":{"start":{"line":313,"column":2},"end":{"line":315,"column":2}}},"13":{"name":"getTotalSupplyLastUpdated","line":320,"loc":{"start":{"line":320,"column":2},"end":{"line":322,"column":2}}},"14":{"name":"principalBalanceOf","line":329,"loc":{"start":{"line":329,"column":2},"end":{"line":331,"column":2}}},"15":{"name":"UNDERLYING_ASSET_ADDRESS","line":336,"loc":{"start":{"line":336,"column":2},"end":{"line":338,"column":2}}},"16":{"name":"POOL","line":343,"loc":{"start":{"line":343,"column":2},"end":{"line":345,"column":2}}},"17":{"name":"getIncentivesController","line":350,"loc":{"start":{"line":350,"column":2},"end":{"line":352,"column":2}}},"18":{"name":"_getIncentivesController","line":357,"loc":{"start":{"line":357,"column":2},"end":{"line":359,"column":2}}},"19":{"name":"_getUnderlyingAssetAddress","line":364,"loc":{"start":{"line":364,"column":2},"end":{"line":366,"column":2}}},"20":{"name":"_getLendingPool","line":371,"loc":{"start":{"line":371,"column":2},"end":{"line":373,"column":2}}},"21":{"name":"_calcTotalSupply","line":380,"loc":{"start":{"line":380,"column":2},"end":{"line":390,"column":2}}},"22":{"name":"_mint","line":398,"loc":{"start":{"line":398,"column":2},"end":{"line":409,"column":2}}},"23":{"name":"_burn","line":417,"loc":{"start":{"line":417,"column":2},"end":{"line":428,"column":2}}}},"statementMap":{"1":{"start":{"line":50,"column":4},"end":{"line":50,"column":26}},"2":{"start":{"line":51,"column":4},"end":{"line":51,"column":30}},"3":{"start":{"line":52,"column":4},"end":{"line":52,"column":34}},"4":{"start":{"line":54,"column":4},"end":{"line":54,"column":15}},"5":{"start":{"line":55,"column":4},"end":{"line":55,"column":37}},"6":{"start":{"line":56,"column":4},"end":{"line":56,"column":47}},"7":{"start":{"line":58,"column":4},"end":{"line":58,"column":2163}},"8":{"start":{"line":74,"column":4},"end":{"line":74,"column":30}},"9":{"start":{"line":82,"column":4},"end":{"line":82,"column":25}},"10":{"start":{"line":90,"column":4},"end":{"line":90,"column":28}},"11":{"start":{"line":99,"column":4},"end":{"line":99,"column":33}},"12":{"start":{"line":107,"column":4},"end":{"line":107,"column":53}},"13":{"start":{"line":108,"column":4},"end":{"line":108,"column":50}},"14":{"start":{"line":109,"column":4},"end":{"line":109,"column":3658}},"15":{"start":{"line":110,"column":6},"end":{"line":110,"column":14}},"16":{"start":{"line":112,"column":4},"end":{"line":112,"column":103}},"17":{"start":{"line":113,"column":4},"end":{"line":113,"column":51}},"18":{"start":{"line":141,"column":4},"end":{"line":141,"column":29}},"19":{"start":{"line":143,"column":4},"end":{"line":143,"column":4773}},"20":{"start":{"line":144,"column":6},"end":{"line":144,"column":55}},"21":{"start":{"line":147,"column":4},"end":{"line":147,"column":95}},"22":{"start":{"line":149,"column":4},"end":{"line":149,"column":38}},"23":{"start":{"line":150,"column":4},"end":{"line":150,"column":45}},"24":{"start":{"line":151,"column":4},"end":{"line":151,"column":67}},"25":{"start":{"line":153,"column":4},"end":{"line":153,"column":39}},"26":{"start":{"line":155,"column":4},"end":{"line":155,"column":5216}},"27":{"start":{"line":160,"column":4},"end":{"line":160,"column":84}},"28":{"start":{"line":161,"column":4},"end":{"line":161,"column":52}},"29":{"start":{"line":164,"column":4},"end":{"line":164,"column":76}},"30":{"start":{"line":167,"column":4},"end":{"line":167,"column":5701}},"31":{"start":{"line":173,"column":4},"end":{"line":173,"column":70}},"32":{"start":{"line":175,"column":4},"end":{"line":175,"column":49}},"33":{"start":{"line":177,"column":4},"end":{"line":177,"column":6006}},"34":{"start":{"line":188,"column":4},"end":{"line":188,"column":30}},"35":{"start":{"line":197,"column":4},"end":{"line":197,"column":89}},"36":{"start":{"line":199,"column":4},"end":{"line":199,"column":42}},"37":{"start":{"line":200,"column":4},"end":{"line":200,"column":32}},"38":{"start":{"line":201,"column":4},"end":{"line":201,"column":26}},"39":{"start":{"line":202,"column":4},"end":{"line":202,"column":51}},"40":{"start":{"line":208,"column":4},"end":{"line":208,"column":7041}},"41":{"start":{"line":209,"column":6},"end":{"line":209,"column":23}},"42":{"start":{"line":210,"column":6},"end":{"line":210,"column":21}},"43":{"start":{"line":212,"column":6},"end":{"line":212,"column":59}},"44":{"start":{"line":213,"column":6},"end":{"line":213,"column":74}},"45":{"start":{"line":214,"column":6},"end":{"line":214,"column":67}},"46":{"start":{"line":219,"column":6},"end":{"line":219,"column":7566}},"47":{"start":{"line":220,"column":8},"end":{"line":220,"column":59}},"48":{"start":{"line":222,"column":8},"end":{"line":222,"column":98}},"49":{"start":{"line":226,"column":4},"end":{"line":226,"column":7792}},"50":{"start":{"line":227,"column":6},"end":{"line":227,"column":31}},"51":{"start":{"line":228,"column":6},"end":{"line":228,"column":26}},"52":{"start":{"line":231,"column":6},"end":{"line":231,"column":48}},"53":{"start":{"line":234,"column":4},"end":{"line":234,"column":50}},"54":{"start":{"line":236,"column":4},"end":{"line":236,"column":8079}},"55":{"start":{"line":237,"column":6},"end":{"line":237,"column":56}},"56":{"start":{"line":238,"column":6},"end":{"line":238,"column":46}},"57":{"start":{"line":239,"column":6},"end":{"line":239,"column":8227}},"58":{"start":{"line":250,"column":6},"end":{"line":250,"column":56}},"59":{"start":{"line":251,"column":6},"end":{"line":251,"column":46}},"60":{"start":{"line":252,"column":6},"end":{"line":252,"column":98}},"61":{"start":{"line":255,"column":4},"end":{"line":255,"column":43}},"62":{"start":{"line":272,"column":4},"end":{"line":272,"column":60}},"63":{"start":{"line":274,"column":4},"end":{"line":274,"column":9168}},"64":{"start":{"line":275,"column":6},"end":{"line":275,"column":22}},"65":{"start":{"line":279,"column":4},"end":{"line":279,"column":75}},"66":{"start":{"line":281,"column":4},"end":{"line":281,"column":101}},"67":{"start":{"line":298,"column":4},"end":{"line":298,"column":36}},"68":{"start":{"line":299,"column":4},"end":{"line":299,"column":91}},"69":{"start":{"line":306,"column":4},"end":{"line":306,"column":36}},"70":{"start":{"line":307,"column":4},"end":{"line":307,"column":47}},"71":{"start":{"line":314,"column":4},"end":{"line":314,"column":43}},"72":{"start":{"line":321,"column":4},"end":{"line":321,"column":32}},"73":{"start":{"line":330,"column":4},"end":{"line":330,"column":32}},"74":{"start":{"line":337,"column":4},"end":{"line":337,"column":27}},"75":{"start":{"line":344,"column":4},"end":{"line":344,"column":16}},"76":{"start":{"line":351,"column":4},"end":{"line":351,"column":37}},"77":{"start":{"line":358,"column":4},"end":{"line":358,"column":32}},"78":{"start":{"line":365,"column":4},"end":{"line":365,"column":27}},"79":{"start":{"line":372,"column":4},"end":{"line":372,"column":16}},"80":{"start":{"line":381,"column":4},"end":{"line":381,"column":49}},"81":{"start":{"line":383,"column":4},"end":{"line":383,"column":12370}},"82":{"start":{"line":384,"column":6},"end":{"line":384,"column":14}},"83":{"start":{"line":387,"column":4},"end":{"line":387,"column":101}},"84":{"start":{"line":389,"column":4},"end":{"line":389,"column":52}},"85":{"start":{"line":403,"column":4},"end":{"line":403,"column":50}},"86":{"start":{"line":404,"column":4},"end":{"line":404,"column":53}},"87":{"start":{"line":406,"column":4},"end":{"line":406,"column":13027}},"88":{"start":{"line":407,"column":6},"end":{"line":407,"column":83}},"89":{"start":{"line":422,"column":4},"end":{"line":422,"column":50}},"90":{"start":{"line":423,"column":4},"end":{"line":423,"column":86}},"91":{"start":{"line":425,"column":4},"end":{"line":425,"column":13647}},"92":{"start":{"line":426,"column":6},"end":{"line":426,"column":83}}},"branchMap":{"1":{"line":109,"type":"if","locations":[{"start":{"line":109,"column":4},"end":{"line":109,"column":4}},{"start":{"line":109,"column":4},"end":{"line":109,"column":4}}]},"2":{"line":143,"type":"if","locations":[{"start":{"line":143,"column":4},"end":{"line":143,"column":4}},{"start":{"line":143,"column":4},"end":{"line":143,"column":4}}]},"3":{"line":160,"type":"if","locations":[{"start":{"line":160,"column":4},"end":{"line":160,"column":4}},{"start":{"line":160,"column":4},"end":{"line":160,"column":4}}]},"4":{"line":208,"type":"if","locations":[{"start":{"line":208,"column":4},"end":{"line":208,"column":4}},{"start":{"line":208,"column":4},"end":{"line":208,"column":4}}]},"5":{"line":219,"type":"if","locations":[{"start":{"line":219,"column":6},"end":{"line":219,"column":6}},{"start":{"line":219,"column":6},"end":{"line":219,"column":6}}]},"6":{"line":226,"type":"if","locations":[{"start":{"line":226,"column":4},"end":{"line":226,"column":4}},{"start":{"line":226,"column":4},"end":{"line":226,"column":4}}]},"7":{"line":236,"type":"if","locations":[{"start":{"line":236,"column":4},"end":{"line":236,"column":4}},{"start":{"line":236,"column":4},"end":{"line":236,"column":4}}]},"8":{"line":274,"type":"if","locations":[{"start":{"line":274,"column":4},"end":{"line":274,"column":4}},{"start":{"line":274,"column":4},"end":{"line":274,"column":4}}]},"9":{"line":383,"type":"if","locations":[{"start":{"line":383,"column":4},"end":{"line":383,"column":4}},{"start":{"line":383,"column":4},"end":{"line":383,"column":4}}]},"10":{"line":406,"type":"if","locations":[{"start":{"line":406,"column":4},"end":{"line":406,"column":4}},{"start":{"line":406,"column":4},"end":{"line":406,"column":4}}]},"11":{"line":425,"type":"if","locations":[{"start":{"line":425,"column":4},"end":{"line":425,"column":4}},{"start":{"line":425,"column":4},"end":{"line":425,"column":4}}]}}},"contracts/protocol/tokenization/VariableDebtToken.sol":{"l":{"44":11,"45":11,"46":11,"48":11,"49":11,"50":11,"52":11,"68":11,"76":347,"78":347,"79":243,"82":104,"101":14,"102":0,"105":14,"106":14,"107":14,"109":14,"111":14,"112":14,"114":14,"129":13,"130":13,"132":13,"134":13,"135":13,"143":264,"151":259,"159":528,"169":0,"176":0,"183":0,"190":0,"194":27,"198":0,"202":27},"path":"/Users/lock/defi/accu-finance/protocol-v1/contracts/protocol/tokenization/VariableDebtToken.sol","s":{"1":11,"2":11,"3":11,"4":11,"5":11,"6":11,"7":11,"8":11,"9":347,"10":347,"11":243,"12":104,"13":14,"14":0,"15":14,"16":14,"17":14,"18":14,"19":14,"20":14,"21":14,"22":13,"23":13,"24":13,"25":13,"26":13,"27":264,"28":259,"29":528,"30":0,"31":0,"32":0,"33":0,"34":27,"35":0,"36":27},"b":{"1":[243,104],"2":[0,14],"3":[14,0],"4":[13,0]},"f":{"1":11,"2":11,"3":347,"4":14,"5":13,"6":264,"7":259,"8":528,"9":0,"10":0,"11":0,"12":0,"13":27,"14":0,"15":27},"fnMap":{"1":{"name":"initialize","line":43,"loc":{"start":{"line":35,"column":2},"end":{"line":61,"column":2}}},"2":{"name":"getRevision","line":67,"loc":{"start":{"line":67,"column":2},"end":{"line":69,"column":2}}},"3":{"name":"balanceOf","line":75,"loc":{"start":{"line":75,"column":2},"end":{"line":83,"column":2}}},"4":{"name":"mint","line":100,"loc":{"start":{"line":95,"column":2},"end":{"line":115,"column":2}}},"5":{"name":"burn","line":128,"loc":{"start":{"line":124,"column":2},"end":{"line":136,"column":2}}},"6":{"name":"scaledBalanceOf","line":142,"loc":{"start":{"line":142,"column":2},"end":{"line":144,"column":2}}},"7":{"name":"totalSupply","line":150,"loc":{"start":{"line":150,"column":2},"end":{"line":152,"column":2}}},"8":{"name":"scaledTotalSupply","line":158,"loc":{"start":{"line":158,"column":2},"end":{"line":160,"column":2}}},"9":{"name":"getScaledUserBalanceAndSupply","line":168,"loc":{"start":{"line":168,"column":2},"end":{"line":170,"column":2}}},"10":{"name":"UNDERLYING_ASSET_ADDRESS","line":175,"loc":{"start":{"line":175,"column":2},"end":{"line":177,"column":2}}},"11":{"name":"getIncentivesController","line":182,"loc":{"start":{"line":182,"column":2},"end":{"line":184,"column":2}}},"12":{"name":"POOL","line":189,"loc":{"start":{"line":189,"column":2},"end":{"line":191,"column":2}}},"13":{"name":"_getIncentivesController","line":193,"loc":{"start":{"line":193,"column":2},"end":{"line":195,"column":2}}},"14":{"name":"_getUnderlyingAssetAddress","line":197,"loc":{"start":{"line":197,"column":2},"end":{"line":199,"column":2}}},"15":{"name":"_getLendingPool","line":201,"loc":{"start":{"line":201,"column":2},"end":{"line":203,"column":2}}}},"statementMap":{"1":{"start":{"line":44,"column":4},"end":{"line":44,"column":26}},"2":{"start":{"line":45,"column":4},"end":{"line":45,"column":30}},"3":{"start":{"line":46,"column":4},"end":{"line":46,"column":34}},"4":{"start":{"line":48,"column":4},"end":{"line":48,"column":15}},"5":{"start":{"line":49,"column":4},"end":{"line":49,"column":37}},"6":{"start":{"line":50,"column":4},"end":{"line":50,"column":47}},"7":{"start":{"line":52,"column":4},"end":{"line":52,"column":1933}},"8":{"start":{"line":68,"column":4},"end":{"line":68,"column":30}},"9":{"start":{"line":76,"column":4},"end":{"line":76,"column":49}},"10":{"start":{"line":78,"column":4},"end":{"line":78,"column":2628}},"11":{"start":{"line":79,"column":6},"end":{"line":79,"column":14}},"12":{"start":{"line":82,"column":4},"end":{"line":82,"column":89}},"13":{"start":{"line":101,"column":4},"end":{"line":101,"column":3423}},"14":{"start":{"line":102,"column":6},"end":{"line":102,"column":55}},"15":{"start":{"line":105,"column":4},"end":{"line":105,"column":57}},"16":{"start":{"line":106,"column":4},"end":{"line":106,"column":47}},"17":{"start":{"line":107,"column":4},"end":{"line":107,"column":60}},"18":{"start":{"line":109,"column":4},"end":{"line":109,"column":34}},"19":{"start":{"line":111,"column":4},"end":{"line":111,"column":49}},"20":{"start":{"line":112,"column":4},"end":{"line":112,"column":46}},"21":{"start":{"line":114,"column":4},"end":{"line":114,"column":31}},"22":{"start":{"line":129,"column":4},"end":{"line":129,"column":47}},"23":{"start":{"line":130,"column":4},"end":{"line":130,"column":60}},"24":{"start":{"line":132,"column":4},"end":{"line":132,"column":28}},"25":{"start":{"line":134,"column":4},"end":{"line":134,"column":43}},"26":{"start":{"line":135,"column":4},"end":{"line":135,"column":34}},"27":{"start":{"line":143,"column":4},"end":{"line":143,"column":32}},"28":{"start":{"line":151,"column":4},"end":{"line":151,"column":95}},"29":{"start":{"line":159,"column":4},"end":{"line":159,"column":30}},"30":{"start":{"line":169,"column":4},"end":{"line":169,"column":55}},"31":{"start":{"line":176,"column":4},"end":{"line":176,"column":27}},"32":{"start":{"line":183,"column":4},"end":{"line":183,"column":37}},"33":{"start":{"line":190,"column":4},"end":{"line":190,"column":16}},"34":{"start":{"line":194,"column":4},"end":{"line":194,"column":32}},"35":{"start":{"line":198,"column":4},"end":{"line":198,"column":27}},"36":{"start":{"line":202,"column":4},"end":{"line":202,"column":16}}},"branchMap":{"1":{"line":78,"type":"if","locations":[{"start":{"line":78,"column":4},"end":{"line":78,"column":4}},{"start":{"line":78,"column":4},"end":{"line":78,"column":4}}]},"2":{"line":101,"type":"if","locations":[{"start":{"line":101,"column":4},"end":{"line":101,"column":4}},{"start":{"line":101,"column":4},"end":{"line":101,"column":4}}]},"3":{"line":107,"type":"if","locations":[{"start":{"line":107,"column":4},"end":{"line":107,"column":4}},{"start":{"line":107,"column":4},"end":{"line":107,"column":4}}]},"4":{"line":130,"type":"if","locations":[{"start":{"line":130,"column":4},"end":{"line":130,"column":4}},{"start":{"line":130,"column":4},"end":{"line":130,"column":4}}]}}}}